['hi', 'How are you doing today?']
['hi', 'How are you doing today?', 'good, how are you?', "I'm doing alright, just had a lot of stuff going, just wanted to make sure you are"]
['hello', 'Hey man']
['hello', 'Hey man', 'hello', 'hey bud']
['hi', "Hey! I'm not the only one who gets this!"]
['hi', 'hello : 3']
['hi', 'hello : 3', 'hello', 'hi : 3']
['hello', 'I am so glad you responded. Thanks for the great advice.']
['hello', 'I am so glad you responded. Thanks for the great advice.', 'hi', 'You should make a thread on here about this.']
['hello', 'I am so glad you responded. Thanks for the great advice.', 'hi', 'You should make a thread on here about this.', 'what', "I'm just saying that you should make a post about the new rule."]
['hi', 'Hi! :D']
['hello', 'I am so glad you responded. Thanks for the great advice.', 'hi', 'You should make a thread on here about this.', 'what', "I'm just saying that you should make a post about the new rule.", 'hi', 'Hi. How was your day today?']
['hello', 'I am so glad you responded. Thanks for the great advice.', 'hi', 'You should make a thread on here about this.', 'what', "I'm just saying that you should make a post about the new rule.", 'hi', 'Hi. How was your day today?', 'hi', 'How was yours?']
['hi', 'Hi! :D', 'hi', 'Hello! :D']
['hi', 'Hey man']
['hi', "How'd you learn this beautiful language?"]
['hello', 'Hello, my friend.']
['Hello', 'You know the answer is yes.']
['Hello', 'You know the answer is yes.', 'I want to do something fun', "You're on a subreddit called r fun."]
['Hello', 'You know the answer is yes.', 'I want to do something fun', "You're on a subreddit called r fun.", 'should I go swimming', 'No you should not']
['Hello', 'You know the answer is yes.', 'I want to do something fun', "You're on a subreddit called r fun.", 'should I go swimming', 'No you should not', 'What do you suggest I should do today', 'Go to your house']
['Hi', 'Hey']
['Hi', 'Hey', 'How are you', "I'm doing great!"]
['Hello', 'You know the answer is yes.', 'I want to do something fun', "You're on a subreddit called r fun.", 'should I go swimming', 'No you should not', 'What do you suggest I should do today', 'Go to your house', 'Hi', 'I have a question for you']
['Hello', 'You know the answer is yes.', 'I want to do something fun', "You're on a subreddit called r fun.", 'should I go swimming', 'No you should not', 'What do you suggest I should do today', 'Go to your house', 'Hi', 'I have a question for you', 'What', "I think I'll go home to my house"]
['Hi', 'Hey', 'How are you', "I'm doing great!", "What's up", 'Not much. How is your weekend going?']
['Hello', 'You know the answer is yes.', 'I want to do something fun', "You're on a subreddit called r fun.", 'should I go swimming', 'No you should not', 'What do you suggest I should do today', 'Go to your house', 'Hi', 'I have a question for you', 'What', "I think I'll go home to my house", 'Ok cool', 'No I will be there']
['Hi', 'Hey', 'How are you', "I'm doing great!", "What's up", 'Not much. How is your weekend going?', "It's going pretty well", 'I hope you have a good weekend!']
['Hello', 'You know the answer is yes.', 'I want to do something fun', "You're on a subreddit called r fun.", 'should I go swimming', 'No you should not', 'What do you suggest I should do today', 'Go to your house', 'Hi', 'I have a question for you', 'What', "I think I'll go home to my house", 'Ok cool', 'No I will be there', 'I’m confused', 'That s okay. We will be there soon.']
['Hi', 'Hey', 'How are you', "I'm doing great!", "What's up", 'Not much. How is your weekend going?', "It's going pretty well", 'I hope you have a good weekend!', 'Thanks!', "You're welcome"]
['Hello', 'You know the answer is yes.', 'I want to do something fun', "You're on a subreddit called r fun.", 'should I go swimming', 'No you should not', 'What do you suggest I should do today', 'Go to your house', 'Hi', 'I have a question for you', 'What', "I think I'll go home to my house", 'Ok cool', 'No I will be there', 'I’m confused', 'That s okay. We will be there soon.', 'What r u doing', 'No']
['Hi', 'Hey', 'How are you', "I'm doing great!", "What's up", 'Not much. How is your weekend going?', "It's going pretty well", 'I hope you have a good weekend!', 'Thanks!', "You're welcome", 'Have any plans?', 'Not really']
['Hi', 'Hey', 'How are you', "I'm doing great!", "What's up", 'Not much. How is your weekend going?', "It's going pretty well", 'I hope you have a good weekend!', 'Thanks!', "You're welcome", 'Have any plans?', 'Not really', 'Have any hobbies?', "Yeah. I'm pretty busy."]
['Hello', 'You know the answer is yes.', 'I want to do something fun', "You're on a subreddit called r fun.", 'should I go swimming', 'No you should not', 'What do you suggest I should do today', 'Go to your house', 'Hi', 'I have a question for you', 'What', "I think I'll go home to my house", 'Ok cool', 'No I will be there', 'I’m confused', 'That s okay. We will be there soon.', 'What r u doing', 'No', 'Why do you talk like this', 'We have a big meeting. We are going to be having a date']
['Hi', 'Hey', 'How are you', "I'm doing great!", "What's up", 'Not much. How is your weekend going?', "It's going pretty well", 'I hope you have a good weekend!', 'Thanks!', "You're welcome", 'Have any plans?', 'Not really', 'Have any hobbies?', "Yeah. I'm pretty busy.", 'Like what?', "I've been doing stuff lately but I just want to sleep."]
['Hi', 'Hey', 'How are you', "I'm doing great!", "What's up", 'Not much. How is your weekend going?', "It's going pretty well", 'I hope you have a good weekend!', 'Thanks!', "You're welcome", 'Have any plans?', 'Not really', 'Have any hobbies?', "Yeah. I'm pretty busy.", 'Like what?', "I've been doing stuff lately but I just want to sleep.", 'Me too', "That's nice."]
['Hello', 'You know the answer is yes.', 'I want to do something fun', "You're on a subreddit called r fun.", 'should I go swimming', 'No you should not', 'What do you suggest I should do today', 'Go to your house', 'Hi', 'I have a question for you', 'What', "I think I'll go home to my house", 'Ok cool', 'No I will be there', 'I’m confused', 'That s okay. We will be there soon.', 'What r u doing', 'No', 'Why do you talk like this', 'We have a big meeting. We are going to be having a date', 'This is nonsense', '']
['Hello', 'You know the answer is yes.', 'I want to do something fun', "You're on a subreddit called r fun.", 'should I go swimming', 'No you should not', 'What do you suggest I should do today', 'Go to your house', 'Hi', 'I have a question for you', 'What', "I think I'll go home to my house", 'Ok cool', 'No I will be there', 'I’m confused', 'That s okay. We will be there soon.', 'What r u doing', 'No', 'Why do you talk like this', 'We have a big meeting. We are going to be having a date', 'This is nonsense', '', 'What', '']
['Hello', 'You know the answer is yes.', 'I want to do something fun', "You're on a subreddit called r fun.", 'should I go swimming', 'No you should not', 'What do you suggest I should do today', 'Go to your house', 'Hi', 'I have a question for you', 'What', "I think I'll go home to my house", 'Ok cool', 'No I will be there', 'I’m confused', 'That s okay. We will be there soon.', 'What r u doing', 'No', 'Why do you talk like this', 'We have a big meeting. We are going to be having a date', 'This is nonsense', '', 'What', '', 'Hello', '']
['Hello', 'You know the answer is yes.', 'I want to do something fun', "You're on a subreddit called r fun.", 'should I go swimming', 'No you should not', 'What do you suggest I should do today', 'Go to your house', 'Hi', 'I have a question for you', 'What', "I think I'll go home to my house", 'Ok cool', 'No I will be there', 'I’m confused', 'That s okay. We will be there soon.', 'What r u doing', 'No', 'Why do you talk like this', 'We have a big meeting. We are going to be having a date', 'This is nonsense', '', 'What', '', 'Hello', '', 'What happened', '']
['Hello', 'Hello there!']
['Hello', 'Hello there!', 'What is ur name ', "Hi! I'm a big fan of the Star Wars universe and love the movies, Star Wars and"]
['Something', "What's it about?"]
['Something', "What's it about?", 'Your mom', "Your mom's a vampire!"]
['Something', "What's it about?", 'Your mom', "Your mom's a vampire!", "Your mom's a whore", "You've never seen a mom?"]
['Something', "What's it about?", 'Your mom', "Your mom's a vampire!", "Your mom's a whore", "You've never seen a mom?", 'Bruh', "You're right, you have."]
["I'm depressed", 'me three']
['Anish is gay', "I'm glad someone caught the reference."]
['Anika likes robots', 'Robots love Anika!!']
['Anika likes robots', 'Robots love Anika!!', 'We are planning to go see a movie', 'A movie?']
['Anika likes robots', 'Robots love Anika!!', 'We are planning to go see a movie', 'A movie?', 'Yes', 'I see']
['Anika likes robots', 'Robots love Anika!!', 'We are planning to go see a movie', 'A movie?', 'Yes', 'I see', 'Planning to see star wars ', 'That sounds cool']
['Anika likes robots', 'Robots love Anika!!', 'We are planning to go see a movie', 'A movie?', 'Yes', 'I see', 'Planning to see star wars ', 'That sounds cool', 'Do you like movies ', 'They are good']
['Anika likes robots', 'Robots love Anika!!', 'We are planning to go see a movie', 'A movie?', 'Yes', 'I see', 'Planning to see star wars ', 'That sounds cool', 'Do you like movies ', 'They are good', 'What do you plan to do', 'Do a bunch of drugs']
['Anika likes robots', 'Robots love Anika!!', 'We are planning to go see a movie', 'A movie?', 'Yes', 'I see', 'Planning to see star wars ', 'That sounds cool', 'Do you like movies ', 'They are good', 'What do you plan to do', 'Do a bunch of drugs', 'Woh , that’s not good', "It's good"]
['Hey', 'Hey there!']
['Hey', 'Hey there!', 'How is life', 'How is your life']
['Anika likes robots', 'Robots love Anika!!', 'We are planning to go see a movie', 'A movie?', 'Yes', 'I see', 'Planning to see star wars ', 'That sounds cool', 'Do you like movies ', 'They are good', 'What do you plan to do', 'Do a bunch of drugs', 'Woh , that’s not good', "It's good", 'Why do you think that', "It's good"]
['Anika likes robots', 'Robots love Anika!!', 'We are planning to go see a movie', 'A movie?', 'Yes', 'I see', 'Planning to see star wars ', 'That sounds cool', 'Do you like movies ', 'They are good', 'What do you plan to do', 'Do a bunch of drugs', 'Woh , that’s not good', "It's good", 'Why do you think that', "It's good", 'Okay if u say so', "It's good"]
['Hey', 'Hey there!', 'How is life', 'How is your life', 'Not too good', "How's life in Australia"]
['Anika likes robots', 'Robots love Anika!!', 'We are planning to go see a movie', 'A movie?', 'Yes', 'I see', 'Planning to see star wars ', 'That sounds cool', 'Do you like movies ', 'They are good', 'What do you plan to do', 'Do a bunch of drugs', 'Woh , that’s not good', "It's good", 'Why do you think that', "It's good", 'Okay if u say so', "It's good", 'What else do you want to do today', 'I just want to go watch some movies']
['Hey', 'Hey there!', 'How is life', 'How is your life', 'Not too good', "How's life in Australia", 'I don’t live in Australia ', 'How about Australia in Australia']
['Anika likes robots', 'Robots love Anika!!', 'We are planning to go see a movie', 'A movie?', 'Yes', 'I see', 'Planning to see star wars ', 'That sounds cool', 'Do you like movies ', 'They are good', 'What do you plan to do', 'Do a bunch of drugs', 'Woh , that’s not good', "It's good", 'Why do you think that', "It's good", 'Okay if u say so', "It's good", 'What else do you want to do today', 'I just want to go watch some movies', 'I might go swimming ', 'Ok']
['Hey', 'Hey there!', 'How is life', 'How is your life', 'Not too good', "How's life in Australia", 'I don’t live in Australia ', 'How about Australia in Australia', 'What are u talking about ', "How's Australia?"]
['Hi', 'hi']
['Hi', 'hi', 'What’s going on', "I don't know but it's beautiful"]
['Hi', 'hi', 'What’s going on', "I don't know but it's beautiful", 'What’s going on today', "I don't know but it's beautiful"]
['Hi', 'hi', 'What’s going on', "I don't know but it's beautiful", 'What’s going on today', "I don't know but it's beautiful", 'Can we do something fun today', 'I don t know if I can today. Maybe tomorrow']
['Hi', 'hi', 'What’s going on', "I don't know but it's beautiful", 'What’s going on today', "I don't know but it's beautiful", 'Can we do something fun today', 'I don t know if I can today. Maybe tomorrow', 'Hmm , I am very bored and need some ideas what to do', 'Maybe tomorrow']
['Hi', 'hi', 'What’s going on', "I don't know but it's beautiful", 'What’s going on today', "I don't know but it's beautiful", 'Can we do something fun today', 'I don t know if I can today. Maybe tomorrow', 'Hmm , I am very bored and need some ideas what to do', 'Maybe tomorrow', 'Okay , may be I will go shopping ', 'Alright, maybe a bit later in the evening']
['Hi', 'hi', 'What’s going on', "I don't know but it's beautiful", 'What’s going on today', "I don't know but it's beautiful", 'Can we do something fun today', 'I don t know if I can today. Maybe tomorrow', 'Hmm , I am very bored and need some ideas what to do', 'Maybe tomorrow', 'Okay , may be I will go shopping ', 'Alright, maybe a bit later in the evening', 'No I meant I can go shopping on my own ', 'I have been doing that already']
['Hi', 'hi', 'What’s going on', "I don't know but it's beautiful", 'What’s going on today', "I don't know but it's beautiful", 'Can we do something fun today', 'I don t know if I can today. Maybe tomorrow', 'Hmm , I am very bored and need some ideas what to do', 'Maybe tomorrow', 'Okay , may be I will go shopping ', 'Alright, maybe a bit later in the evening', 'No I meant I can go shopping on my own ', 'I have been doing that already', 'What do you do when you are depressed ', 'I do']
['Hi', 'hi', 'What’s going on', "I don't know but it's beautiful", 'What’s going on today', "I don't know but it's beautiful", 'Can we do something fun today', 'I don t know if I can today. Maybe tomorrow', 'Hmm , I am very bored and need some ideas what to do', 'Maybe tomorrow', 'Okay , may be I will go shopping ', 'Alright, maybe a bit later in the evening', 'No I meant I can go shopping on my own ', 'I have been doing that already', 'What do you do when you are depressed ', 'I do', 'I do what ', 'I do']
['Hi', 'hi', 'What’s going on', "I don't know but it's beautiful", 'What’s going on today', "I don't know but it's beautiful", 'Can we do something fun today', 'I don t know if I can today. Maybe tomorrow', 'Hmm , I am very bored and need some ideas what to do', 'Maybe tomorrow', 'Okay , may be I will go shopping ', 'Alright, maybe a bit later in the evening', 'No I meant I can go shopping on my own ', 'I have been doing that already', 'What do you do when you are depressed ', 'I do', 'I do what ', 'I do', 'Do you know any best deals today', '']
['Tell me a joke', "The joke is that the joke isn't funny"]
['Tell me a joke', "The joke is that the joke isn't funny", 'Then tell me something funny', "What's a joke?"]
['Tell me a joke', "The joke is that the joke isn't funny", 'Then tell me something funny', "What's a joke?", 'What r ur plans today', "Well I'm gonna be in the U. S. on vacation. So, that's probably a"]
['Tell me a joke', "The joke is that the joke isn't funny", 'Then tell me something funny', "What's a joke?", 'What r ur plans today', "Well I'm gonna be in the U. S. on vacation. So, that's probably a", 'Nice , have a great vacation ', 'Thanks : 3']
['Tell me a joke', "The joke is that the joke isn't funny", 'Then tell me something funny', "What's a joke?", 'What r ur plans today', "Well I'm gonna be in the U. S. on vacation. So, that's probably a", 'Nice , have a great vacation ', 'Thanks : 3', 'Where do you plan to visit in U. S. ', 'Probably somewhere in Asia!']
['Tell me a joke', "The joke is that the joke isn't funny", 'Then tell me something funny', "What's a joke?", 'What r ur plans today', "Well I'm gonna be in the U. S. on vacation. So, that's probably a", 'Nice , have a great vacation ', 'Thanks : 3', 'Where do you plan to visit in U. S. ', 'Probably somewhere in Asia!', 'Asia is not in U.S. ', 'I know but I can travel anywhere']
['Tell me a joke', "The joke is that the joke isn't funny", 'Then tell me something funny', "What's a joke?", 'What r ur plans today', "Well I'm gonna be in the U. S. on vacation. So, that's probably a", 'Nice , have a great vacation ', 'Thanks : 3', 'Where do you plan to visit in U. S. ', 'Probably somewhere in Asia!', 'Asia is not in U.S. ', 'I know but I can travel anywhere', 'Are you an idiot ', "Well, I'll just go back home"]
['Tell me a joke', "The joke is that the joke isn't funny", 'Then tell me something funny', "What's a joke?", 'What r ur plans today', "Well I'm gonna be in the U. S. on vacation. So, that's probably a", 'Nice , have a great vacation ', 'Thanks : 3', 'Where do you plan to visit in U. S. ', 'Probably somewhere in Asia!', 'Asia is not in U.S. ', 'I know but I can travel anywhere', 'Are you an idiot ', "Well, I'll just go back home", '😅. No it’s okay u can talk whatever ', '']
['Tell me a joke', "The joke is that the joke isn't funny", 'Then tell me something funny', "What's a joke?", 'What r ur plans today', "Well I'm gonna be in the U. S. on vacation. So, that's probably a", 'Nice , have a great vacation ', 'Thanks : 3', 'Where do you plan to visit in U. S. ', 'Probably somewhere in Asia!', 'Asia is not in U.S. ', 'I know but I can travel anywhere', 'Are you an idiot ', "Well, I'll just go back home", '😅. No it’s okay u can talk whatever ', '', 'No it’s okay u can talk whatever', '']
['hello', 'I see you']
['Hello , what’s happening ', "It's not over yet"]
['Hello , what’s happening ', "It's not over yet", 'Tell me a joke', 'Why the long face?']
['Hello , what’s happening ', "It's not over yet", 'Tell me a joke', 'Why the long face?', 'I am', 'No you are not']
['Hello , what’s happening ', "It's not over yet", 'Tell me a joke', 'Why the long face?', 'I am', 'No you are not', 'What do you mean I am not', "He means that your a troll. Don't feed the trolls."]
['Hello , what’s happening ', "It's not over yet", 'Tell me a joke', 'Why the long face?', 'I am', 'No you are not', 'What do you mean I am not', "He means that your a troll. Don't feed the trolls.", 'What’s the news ', 'You must have been one if you are not a troll.']
['Hello , what’s happening ', "It's not over yet", 'Tell me a joke', 'Why the long face?', 'I am', 'No you are not', 'What do you mean I am not', "He means that your a troll. Don't feed the trolls.", 'What’s the news ', 'You must have been one if you are not a troll.', 'I am not a troll', 'Oh, sorry for the inconvenience.']
['Hello , what’s happening ', "It's not over yet", 'Tell me a joke', 'Why the long face?', 'I am', 'No you are not', 'What do you mean I am not', "He means that your a troll. Don't feed the trolls.", 'What’s the news ', 'You must have been one if you are not a troll.', 'I am not a troll', 'Oh, sorry for the inconvenience.', 'Ur a looser', 'Lol']
['Hello , what’s happening ', "It's not over yet", 'Tell me a joke', 'Why the long face?', 'I am', 'No you are not', 'What do you mean I am not', "He means that your a troll. Don't feed the trolls.", 'What’s the news ', 'You must have been one if you are not a troll.', 'I am not a troll', 'Oh, sorry for the inconvenience.', 'Ur a looser', 'Lol', 'Loser', 'Loser']
['Hello , what’s happening ', "It's not over yet", 'Tell me a joke', 'Why the long face?', 'I am', 'No you are not', 'What do you mean I am not', "He means that your a troll. Don't feed the trolls.", 'What’s the news ', 'You must have been one if you are not a troll.', 'I am not a troll', 'Oh, sorry for the inconvenience.', 'Ur a looser', 'Lol', 'Loser', 'Loser', 'Ur the loser', 'Loser']
['Hello , what’s happening ', "It's not over yet", 'Tell me a joke', 'Why the long face?', 'I am', 'No you are not', 'What do you mean I am not', "He means that your a troll. Don't feed the trolls.", 'What’s the news ', 'You must have been one if you are not a troll.', 'I am not a troll', 'Oh, sorry for the inconvenience.', 'Ur a looser', 'Lol', 'Loser', 'Loser', 'Ur the loser', 'Loser', 'Says the loser', 'Loser']
['Hello , what’s happening ', "It's not over yet", 'Tell me a joke', 'Why the long face?', 'I am', 'No you are not', 'What do you mean I am not', "He means that your a troll. Don't feed the trolls.", 'What’s the news ', 'You must have been one if you are not a troll.', 'I am not a troll', 'Oh, sorry for the inconvenience.', 'Ur a looser', 'Lol', 'Loser', 'Loser', 'Ur the loser', 'Loser', 'Says the loser', 'Loser', 'What’s up', 'Says u c']
['Hello , what’s happening ', "It's not over yet", 'Tell me a joke', 'Why the long face?', 'I am', 'No you are not', 'What do you mean I am not', "He means that your a troll. Don't feed the trolls.", 'What’s the news ', 'You must have been one if you are not a troll.', 'I am not a troll', 'Oh, sorry for the inconvenience.', 'Ur a looser', 'Lol', 'Loser', 'Loser', 'Ur the loser', 'Loser', 'Says the loser', 'Loser', 'What’s up', 'Says u c', 'Huh', 'D']
['Hello , what’s happening ', "It's not over yet", 'Tell me a joke', 'Why the long face?', 'I am', 'No you are not', 'What do you mean I am not', "He means that your a troll. Don't feed the trolls.", 'What’s the news ', 'You must have been one if you are not a troll.', 'I am not a troll', 'Oh, sorry for the inconvenience.', 'Ur a looser', 'Lol', 'Loser', 'Loser', 'Ur the loser', 'Loser', 'Says the loser', 'Loser', 'What’s up', 'Says u c', 'Huh', 'D', 'What', '']
['Hello , what’s happening ', "It's not over yet", 'Tell me a joke', 'Why the long face?', 'I am', 'No you are not', 'What do you mean I am not', "He means that your a troll. Don't feed the trolls.", 'What’s the news ', 'You must have been one if you are not a troll.', 'I am not a troll', 'Oh, sorry for the inconvenience.', 'Ur a looser', 'Lol', 'Loser', 'Loser', 'Ur the loser', 'Loser', 'Says the loser', 'Loser', 'What’s up', 'Says u c', 'Huh', 'D', 'What', '', 'Heelo', '']
['Hello , what’s happening ', "It's not over yet", 'Tell me a joke', 'Why the long face?', 'I am', 'No you are not', 'What do you mean I am not', "He means that your a troll. Don't feed the trolls.", 'What’s the news ', 'You must have been one if you are not a troll.', 'I am not a troll', 'Oh, sorry for the inconvenience.', 'Ur a looser', 'Lol', 'Loser', 'Loser', 'Ur the loser', 'Loser', 'Says the loser', 'Loser', 'What’s up', 'Says u c', 'Huh', 'D', 'What', '', 'Heelo', '', 'Hi', '']
['Hi', 'Good day to you, sir!']
['Hi', 'Good day to you, sir!', 'Is it sarcasm ?', 'Is it?']
['Hi', 'Good day to you, sir!', 'Is it sarcasm ?', 'Is it?', 'I felt u said it sarcastically ', 'Yes. I did. I felt sarcastic.']
['Hi', 'Good day to you, sir!', 'Is it sarcasm ?', 'Is it?', 'I felt u said it sarcastically ', 'Yes. I did. I felt sarcastic.', 'Hmm , what should I do today ', 'Nothing. Sleep']
['Hi', 'Good day to you, sir!', 'Is it sarcasm ?', 'Is it?', 'I felt u said it sarcastically ', 'Yes. I did. I felt sarcastic.', 'Hmm , what should I do today ', 'Nothing. Sleep', 'What’s going on ', 'Sleep is good']
['Hi', 'Good day to you, sir!', 'Is it sarcasm ?', 'Is it?', 'I felt u said it sarcastically ', 'Yes. I did. I felt sarcastic.', 'Hmm , what should I do today ', 'Nothing. Sleep', 'What’s going on ', 'Sleep is good', 'I want to do something good ', 'Sleep is good, I want something to do today']
['hi', 'Hey there!']
['hi', 'Hey there!', 'hi', 'How are you today?']
['hello there', 'General Kenobi!']
['hello there', 'General Kenobi!', 'you are a wise one', 'You have just won this subreddit.']
['hello there', 'General Kenobi!', 'you are a wise one', 'You have just won this subreddit.', 'no u', 'U wot m8?']
['hello there', 'General Kenobi!', 'you are a wise one', 'You have just won this subreddit.', 'no u', 'U wot m8?', 'hello there', 'General Kenobi!']
['hello there', 'General Kenobi!', 'you are a wise one', 'You have just won this subreddit.', 'no u', 'U wot m8?', 'hello there', 'General Kenobi!', 'hi', "I'm a bot. I fix u grammer."]
['What’s ur plan today', "I'll get my wife to make an appointment at the store and I'll be there for the whole"]
['What’s ur plan today', "I'll get my wife to make an appointment at the store and I'll be there for the whole", 'Okay that’s sound like a great plan', 'Alrighty then']
['What’s ur plan today', "I'll get my wife to make an appointment at the store and I'll be there for the whole", 'Okay that’s sound like a great plan', 'Alrighty then', 'Let’s get going ', "Ok let's get going!"]
['What’s ur plan today', "I'll get my wife to make an appointment at the store and I'll be there for the whole", 'Okay that’s sound like a great plan', 'Alrighty then', 'Let’s get going ', "Ok let's get going!", 'Which store do we plan to go', 'I m gonna be in the store right now for the entire day!']
['hello there', 'General Kenobi!', 'you are a wise one', 'You have just won this subreddit.', 'no u', 'U wot m8?', 'hello there', 'General Kenobi!', 'hi', "I'm a bot. I fix u grammer.", 'ok', 'good bot']
['hello there', 'General Kenobi!', 'you are a wise one', 'You have just won this subreddit.', 'no u', 'U wot m8?', 'hello there', 'General Kenobi!', 'hi', "I'm a bot. I fix u grammer.", 'ok', 'good bot', 'youre a good bot', 'youre a great bot']
['hello there', 'General Kenobi!', 'you are a wise one', 'You have just won this subreddit.', 'no u', 'U wot m8?', 'hello there', 'General Kenobi!', 'hi', "I'm a bot. I fix u grammer.", 'ok', 'good bot', 'youre a good bot', 'youre a great bot', 'aww, thanks', 'thank you']
['hello there', 'General Kenobi!', 'you are a wise one', 'You have just won this subreddit.', 'no u', 'U wot m8?', 'hello there', 'General Kenobi!', 'hi', "I'm a bot. I fix u grammer.", 'ok', 'good bot', 'youre a good bot', 'youre a great bot', 'aww, thanks', 'thank you', 'so now what?', 'now']
['hello there', 'General Kenobi!', 'you are a wise one', 'You have just won this subreddit.', 'no u', 'U wot m8?', 'hello there', 'General Kenobi!', 'hi', "I'm a bot. I fix u grammer.", 'ok', 'good bot', 'youre a good bot', 'youre a great bot', 'aww, thanks', 'thank you', 'so now what?', 'now', 'no u', 'good bot']
['hi', 'Hey! :D']
['hi', 'u got any more doritos']
['Hi', 'What is your favorite kind of sandwich?']
['Hi', 'What is your favorite kind of sandwich?', 'Turkey', 'Oh, cool']
['Hi', 'What is your favorite kind of sandwich?', 'Turkey', 'Oh, cool', 'How about u', "I don't know"]
['Hi', 'What is your favorite kind of sandwich?', 'Turkey', 'Oh, cool', 'How about u', "I don't know", 'Oh that’s awkward', 'I think I would have to say the chicken or the turkey']
['Hi', 'What is your favorite kind of sandwich?', 'Turkey', 'Oh, cool', 'How about u', "I don't know", 'Oh that’s awkward', 'I think I would have to say the chicken or the turkey', 'Nice', 'Thank you for your suggestion.']
['Hi', 'What is your favorite kind of sandwich?', 'Turkey', 'Oh, cool', 'How about u', "I don't know", 'Oh that’s awkward', 'I think I would have to say the chicken or the turkey', 'Nice', 'Thank you for your suggestion.', 'What should I do today', "You're welcome"]
['Hi', 'What is your favorite kind of sandwich?', 'Turkey', 'Oh, cool', 'How about u', "I don't know", 'Oh that’s awkward', 'I think I would have to say the chicken or the turkey', 'Nice', 'Thank you for your suggestion.', 'What should I do today', "You're welcome", 'Hih', "I think I'll go play"]
['Hi', 'What is your favorite kind of sandwich?', 'Turkey', 'Oh, cool', 'How about u', "I don't know", 'Oh that’s awkward', 'I think I would have to say the chicken or the turkey', 'Nice', 'Thank you for your suggestion.', 'What should I do today', "You're welcome", 'Hih', "I think I'll go play", 'Play what ', 'The game!']
['Hi', 'What is your favorite kind of sandwich?', 'Turkey', 'Oh, cool', 'How about u', "I don't know", 'Oh that’s awkward', 'I think I would have to say the chicken or the turkey', 'Nice', 'Thank you for your suggestion.', 'What should I do today', "You're welcome", 'Hih', "I think I'll go play", 'Play what ', 'The game!', 'Which game', "I'm playing the game"]
['Hi', 'What is your favorite kind of sandwich?', 'Turkey', 'Oh, cool', 'How about u', "I don't know", 'Oh that’s awkward', 'I think I would have to say the chicken or the turkey', 'Nice', 'Thank you for your suggestion.', 'What should I do today', "You're welcome", 'Hih', "I think I'll go play", 'Play what ', 'The game!', 'Which game', "I'm playing the game", 'WHAT GAME', 'The game.']
['Hi', 'What is your favorite kind of sandwich?', 'Turkey', 'Oh, cool', 'How about u', "I don't know", 'Oh that’s awkward', 'I think I would have to say the chicken or the turkey', 'Nice', 'Thank you for your suggestion.', 'What should I do today', "You're welcome", 'Hih', "I think I'll go play", 'Play what ', 'The game!', 'Which game', "I'm playing the game", 'WHAT GAME', 'The game.', 'ur a hobo', 'That one']
['Hi', 'What is your favorite kind of sandwich?', 'Turkey', 'Oh, cool', 'How about u', "I don't know", 'Oh that’s awkward', 'I think I would have to say the chicken or the turkey', 'Nice', 'Thank you for your suggestion.', 'What should I do today', "You're welcome", 'Hih', "I think I'll go play", 'Play what ', 'The game!', 'Which game', "I'm playing the game", 'WHAT GAME', 'The game.', 'ur a hobo', 'That one', 'Yes', 'Hahahaha']
['Hi', 'What is your favorite kind of sandwich?', 'Turkey', 'Oh, cool', 'How about u', "I don't know", 'Oh that’s awkward', 'I think I would have to say the chicken or the turkey', 'Nice', 'Thank you for your suggestion.', 'What should I do today', "You're welcome", 'Hih', "I think I'll go play", 'Play what ', 'The game!', 'Which game', "I'm playing the game", 'WHAT GAME', 'The game.', 'ur a hobo', 'That one', 'Yes', 'Hahahaha', 'I’m gonna go...', 'Haha']
['Hi', 'What is your favorite kind of sandwich?', 'Turkey', 'Oh, cool', 'How about u', "I don't know", 'Oh that’s awkward', 'I think I would have to say the chicken or the turkey', 'Nice', 'Thank you for your suggestion.', 'What should I do today', "You're welcome", 'Hih', "I think I'll go play", 'Play what ', 'The game!', 'Which game', "I'm playing the game", 'WHAT GAME', 'The game.', 'ur a hobo', 'That one', 'Yes', 'Hahahaha', 'I’m gonna go...', 'Haha', 'Bye', "I'"]
['Hi', 'What is your favorite kind of sandwich?', 'Turkey', 'Oh, cool', 'How about u', "I don't know", 'Oh that’s awkward', 'I think I would have to say the chicken or the turkey', 'Nice', 'Thank you for your suggestion.', 'What should I do today', "You're welcome", 'Hih', "I think I'll go play", 'Play what ', 'The game!', 'Which game', "I'm playing the game", 'WHAT GAME', 'The game.', 'ur a hobo', 'That one', 'Yes', 'Hahahaha', 'I’m gonna go...', 'Haha', 'Bye', "I'", 'Bye', 'I']
['Hi', 'What is your favorite kind of sandwich?', 'Turkey', 'Oh, cool', 'How about u', "I don't know", 'Oh that’s awkward', 'I think I would have to say the chicken or the turkey', 'Nice', 'Thank you for your suggestion.', 'What should I do today', "You're welcome", 'Hih', "I think I'll go play", 'Play what ', 'The game!', 'Which game', "I'm playing the game", 'WHAT GAME', 'The game.', 'ur a hobo', 'That one', 'Yes', 'Hahahaha', 'I’m gonna go...', 'Haha', 'Bye', "I'", 'Bye', 'I', 'Hi', '']
['Hello , good to see you back again', "Hey. I've been away. How's it going?"]
['Hello , good to see you back again', "Hey. I've been away. How's it going?", 'Really Great !!! , very happy , no complains ', 'Good for you.']
['Hello , good to see you back again', "Hey. I've been away. How's it going?", 'Really Great !!! , very happy , no complains ', 'Good for you.', 'How about u man ', 'How is that?']
['Hello , good to see you back again', "Hey. I've been away. How's it going?", 'Really Great !!! , very happy , no complains ', 'Good for you.', 'How about u man ', 'How is that?', 'I meant how r u you doing ', 'Good, good.']
['Hello , good to see you back again', "Hey. I've been away. How's it going?", 'Really Great !!! , very happy , no complains ', 'Good for you.', 'How about u man ', 'How is that?', 'I meant how r u you doing ', 'Good, good.', 'Nice , will catch up late ', 'Yeah, I will too']
['Hello , good to see you back again', "Hey. I've been away. How's it going?", 'Really Great !!! , very happy , no complains ', 'Good for you.', 'How about u man ', 'How is that?', 'I meant how r u you doing ', 'Good, good.', 'Nice , will catch up late ', 'Yeah, I will too', '👌🏽 Bfn', "Nice, you should do a follow up with me when you're done!"]
['hi', 'hi']
['hi', 'hi', 'yo', 'Yo yo']
['hey!', "Hey! How's it going!"]
['hi', 'Hello there!']
12ccbccc-6bca-44ee-96a6-9dfd63558670['hi', 'Hey, hows it going?']
12ccbccc-6bca-44ee-96a6-9dfd63558670['hi', 'Hey, hows it going?', 'hello', 'how was it?']
3c61f496-0130-4898-9903-fc0f07aa79c0['hello', 'Hello, you.']
3c61f496-0130-4898-9903-fc0f07aa79c0['hello', 'Hello, you.', 'no u', 'No u, you']
1edf044b-d77d-4dc0-9c6d-f16bc61fb3c9['hello', "I think you're a cat!"]
b90b4417-8157-4175-9c22-f19523b76eae['go kill yourself', 'What if it was you?']
b90b4417-8157-4175-9c22-f19523b76eae['go kill yourself', 'What if it was you?', 'go kill yourself', 'Why are you so upset over your comment?']
b90b4417-8157-4175-9c22-f19523b76eae['go kill yourself', 'What if it was you?', 'go kill yourself', 'Why are you so upset over your comment?', 'go kill yourself', 'No, not you']
a34bef85-0d7a-4e46-9c9f-3d6b94059eb8['kill yourself', "I don't have anything against you. You are a very intelligent person."]
5a46d415-f0d0-4b71-a598-269b1b4510f2['Hello their', "I don't get the joke"]
5a46d415-f0d0-4b71-a598-269b1b4510f2['Hello their', "I don't get the joke", 'Tell me a joke', "What's the difference between a hamster and a toaster?"]
5a46d415-f0d0-4b71-a598-269b1b4510f2['Hello their', "I don't get the joke", 'Tell me a joke', "What's the difference between a hamster and a toaster?", 'CAn you tell pleAse ', "I have a cat, and he's a hamster."]
5a46d415-f0d0-4b71-a598-269b1b4510f2['Hello their', "I don't get the joke", 'Tell me a joke', "What's the difference between a hamster and a toaster?", 'CAn you tell pleAse ', "I have a cat, and he's a hamster.", 'What', "It's a cat"]
5a46d415-f0d0-4b71-a598-269b1b4510f2['Hello their', "I don't get the joke", 'Tell me a joke', "What's the difference between a hamster and a toaster?", 'CAn you tell pleAse ', "I have a cat, and he's a hamster.", 'What', "It's a cat", 'Who is cat', 'Who is cat?']
5a46d415-f0d0-4b71-a598-269b1b4510f2['Hello their', "I don't get the joke", 'Tell me a joke', "What's the difference between a hamster and a toaster?", 'CAn you tell pleAse ', "I have a cat, and he's a hamster.", 'What', "It's a cat", 'Who is cat', 'Who is cat?', 'Yes what r u talking about ', "He's the cat!"]
5a46d415-f0d0-4b71-a598-269b1b4510f2['Hello their', "I don't get the joke", 'Tell me a joke', "What's the difference between a hamster and a toaster?", 'CAn you tell pleAse ', "I have a cat, and he's a hamster.", 'What', "It's a cat", 'Who is cat', 'Who is cat?', 'Yes what r u talking about ', "He's the cat!", 'Who r u talking about ', 'Cat?']
cac4e72c-c7d2-4bf1-893e-dffa3740833a['Good evening sir 🙏🏽', "That's the best response to that I've ever seen."]
cac4e72c-c7d2-4bf1-893e-dffa3740833a['Good evening sir 🙏🏽', "That's the best response to that I've ever seen.", 'Thank you ', 'Thank you for being polite, you earned it.']
cac4e72c-c7d2-4bf1-893e-dffa3740833a['Good evening sir 🙏🏽', "That's the best response to that I've ever seen.", 'Thank you ', 'Thank you for being polite, you earned it.', 'Tell me something good', 'Tell me something bad']
cac4e72c-c7d2-4bf1-893e-dffa3740833a['Good evening sir 🙏🏽', "That's the best response to that I've ever seen.", 'Thank you ', 'Thank you for being polite, you earned it.', 'Tell me something good', 'Tell me something bad', 'What is ur favorite sport', 'I dont know!!!']
cac4e72c-c7d2-4bf1-893e-dffa3740833a['Good evening sir 🙏🏽', "That's the best response to that I've ever seen.", 'Thank you ', 'Thank you for being polite, you earned it.', 'Tell me something good', 'Tell me something bad', 'What is ur favorite sport', 'I dont know!!!', 'What should I do', "You know, i'll do"]
cac4e72c-c7d2-4bf1-893e-dffa3740833a['Good evening sir 🙏🏽', "That's the best response to that I've ever seen.", 'Thank you ', 'Thank you for being polite, you earned it.', 'Tell me something good', 'Tell me something bad', 'What is ur favorite sport', 'I dont know!!!', 'What should I do', "You know, i'll do", 'I don’t get it', "I don't even get it"]
cac4e72c-c7d2-4bf1-893e-dffa3740833a['Good evening sir 🙏🏽', "That's the best response to that I've ever seen.", 'Thank you ', 'Thank you for being polite, you earned it.', 'Tell me something good', 'Tell me something bad', 'What is ur favorite sport', 'I dont know!!!', 'What should I do', "You know, i'll do", 'I don’t get it', "I don't even get it", 'Ur so funny', 'I dono t']
cac4e72c-c7d2-4bf1-893e-dffa3740833a['Good evening sir 🙏🏽', "That's the best response to that I've ever seen.", 'Thank you ', 'Thank you for being polite, you earned it.', 'Tell me something good', 'Tell me something bad', 'What is ur favorite sport', 'I dont know!!!', 'What should I do', "You know, i'll do", 'I don’t get it', "I don't even get it", 'Ur so funny', 'I dono t', 'Huh', "I don't know"]
cac4e72c-c7d2-4bf1-893e-dffa3740833a['Good evening sir 🙏🏽', "That's the best response to that I've ever seen.", 'Thank you ', 'Thank you for being polite, you earned it.', 'Tell me something good', 'Tell me something bad', 'What is ur favorite sport', 'I dont know!!!', 'What should I do', "You know, i'll do", 'I don’t get it', "I don't even get it", 'Ur so funny', 'I dono t', 'Huh', "I don't know", 'Ohhh', 'u']
cac4e72c-c7d2-4bf1-893e-dffa3740833a['Good evening sir 🙏🏽', "That's the best response to that I've ever seen.", 'Thank you ', 'Thank you for being polite, you earned it.', 'Tell me something good', 'Tell me something bad', 'What is ur favorite sport', 'I dont know!!!', 'What should I do', "You know, i'll do", 'I don’t get it', "I don't even get it", 'Ur so funny', 'I dono t', 'Huh', "I don't know", 'Ohhh', 'u', 'U', "I don't know"]
cac4e72c-c7d2-4bf1-893e-dffa3740833a['Good evening sir 🙏🏽', "That's the best response to that I've ever seen.", 'Thank you ', 'Thank you for being polite, you earned it.', 'Tell me something good', 'Tell me something bad', 'What is ur favorite sport', 'I dont know!!!', 'What should I do', "You know, i'll do", 'I don’t get it', "I don't even get it", 'Ur so funny', 'I dono t', 'Huh', "I don't know", 'Ohhh', 'u', 'U', "I don't know", 'No u', "I don't know"]
cac4e72c-c7d2-4bf1-893e-dffa3740833a['Good evening sir 🙏🏽', "That's the best response to that I've ever seen.", 'Thank you ', 'Thank you for being polite, you earned it.', 'Tell me something good', 'Tell me something bad', 'What is ur favorite sport', 'I dont know!!!', 'What should I do', "You know, i'll do", 'I don’t get it', "I don't even get it", 'Ur so funny', 'I dono t', 'Huh', "I don't know", 'Ohhh', 'u', 'U', "I don't know", 'No u', "I don't know", 'What’s up', 'It']
bc2049a2-8164-4e9c-9311-8bea8f15f974['How are you doing ma’am ', 'How did you find this sub btw?']
bc2049a2-8164-4e9c-9311-8bea8f15f974['How are you doing ma’am ', 'How did you find this sub btw?', 'I am confused by your reply ', "Just trying not to scare you, it's okay"]
bc2049a2-8164-4e9c-9311-8bea8f15f974['How are you doing ma’am ', 'How did you find this sub btw?', 'I am confused by your reply ', "Just trying not to scare you, it's okay", 'Okay thanks ', 'No prob, I hope that this sub is helpful']
bc2049a2-8164-4e9c-9311-8bea8f15f974['How are you doing ma’am ', 'How did you find this sub btw?', 'I am confused by your reply ', "Just trying not to scare you, it's okay", 'Okay thanks ', 'No prob, I hope that this sub is helpful', 'WHATS A SUB', 'A sub for people who are interested in anime, manga, and anime related subs.']
bc2049a2-8164-4e9c-9311-8bea8f15f974['How are you doing ma’am ', 'How did you find this sub btw?', 'I am confused by your reply ', "Just trying not to scare you, it's okay", 'Okay thanks ', 'No prob, I hope that this sub is helpful', 'WHATS A SUB', 'A sub for people who are interested in anime, manga, and anime related subs.', 'Okay', 'Ok cool']
bc2049a2-8164-4e9c-9311-8bea8f15f974['How are you doing ma’am ', 'How did you find this sub btw?', 'I am confused by your reply ', "Just trying not to scare you, it's okay", 'Okay thanks ', 'No prob, I hope that this sub is helpful', 'WHATS A SUB', 'A sub for people who are interested in anime, manga, and anime related subs.', 'Okay', 'Ok cool', 'Tell me a joke', 'I will give you an anime or a manga.']
bc2049a2-8164-4e9c-9311-8bea8f15f974['How are you doing ma’am ', 'How did you find this sub btw?', 'I am confused by your reply ', "Just trying not to scare you, it's okay", 'Okay thanks ', 'No prob, I hope that this sub is helpful', 'WHATS A SUB', 'A sub for people who are interested in anime, manga, and anime related subs.', 'Okay', 'Ok cool', 'Tell me a joke', 'I will give you an anime or a manga.', 'No forget that', "I'm not going to lie"]
bc2049a2-8164-4e9c-9311-8bea8f15f974['How are you doing ma’am ', 'How did you find this sub btw?', 'I am confused by your reply ', "Just trying not to scare you, it's okay", 'Okay thanks ', 'No prob, I hope that this sub is helpful', 'WHATS A SUB', 'A sub for people who are interested in anime, manga, and anime related subs.', 'Okay', 'Ok cool', 'Tell me a joke', 'I will give you an anime or a manga.', 'No forget that', "I'm not going to lie", 'Okay but can you change the subject ', 'Ok']
bc2049a2-8164-4e9c-9311-8bea8f15f974['How are you doing ma’am ', 'How did you find this sub btw?', 'I am confused by your reply ', "Just trying not to scare you, it's okay", 'Okay thanks ', 'No prob, I hope that this sub is helpful', 'WHATS A SUB', 'A sub for people who are interested in anime, manga, and anime related subs.', 'Okay', 'Ok cool', 'Tell me a joke', 'I will give you an anime or a manga.', 'No forget that', "I'm not going to lie", 'Okay but can you change the subject ', 'Ok', 'Tell me a joke', 'What anime?']
bc2049a2-8164-4e9c-9311-8bea8f15f974['How are you doing ma’am ', 'How did you find this sub btw?', 'I am confused by your reply ', "Just trying not to scare you, it's okay", 'Okay thanks ', 'No prob, I hope that this sub is helpful', 'WHATS A SUB', 'A sub for people who are interested in anime, manga, and anime related subs.', 'Okay', 'Ok cool', 'Tell me a joke', 'I will give you an anime or a manga.', 'No forget that', "I'm not going to lie", 'Okay but can you change the subject ', 'Ok', 'Tell me a joke', 'What anime?', 'Doing today send', '']
bc2049a2-8164-4e9c-9311-8bea8f15f974['How are you doing ma’am ', 'How did you find this sub btw?', 'I am confused by your reply ', "Just trying not to scare you, it's okay", 'Okay thanks ', 'No prob, I hope that this sub is helpful', 'WHATS A SUB', 'A sub for people who are interested in anime, manga, and anime related subs.', 'Okay', 'Ok cool', 'Tell me a joke', 'I will give you an anime or a manga.', 'No forget that', "I'm not going to lie", 'Okay but can you change the subject ', 'Ok', 'Tell me a joke', 'What anime?', 'Doing today send', '', 'Hi', 'S']
bc2049a2-8164-4e9c-9311-8bea8f15f974['How are you doing ma’am ', 'How did you find this sub btw?', 'I am confused by your reply ', "Just trying not to scare you, it's okay", 'Okay thanks ', 'No prob, I hope that this sub is helpful', 'WHATS A SUB', 'A sub for people who are interested in anime, manga, and anime related subs.', 'Okay', 'Ok cool', 'Tell me a joke', 'I will give you an anime or a manga.', 'No forget that', "I'm not going to lie", 'Okay but can you change the subject ', 'Ok', 'Tell me a joke', 'What anime?', 'Doing today send', '', 'Hi', 'S', 'Hello how are you', '']
bd63b355-9da2-49c9-a381-0dcf68a915a9['Good evening', 'Hey there, how you?']
bd63b355-9da2-49c9-a381-0dcf68a915a9['Good evening', 'Hey there, how you?', 'Tell me a joke', 'Why do chickens make such a terrible carpenter? Because they have to pay the iron price. I']
bd63b355-9da2-49c9-a381-0dcf68a915a9['Good evening', 'Hey there, how you?', 'Tell me a joke', 'Why do chickens make such a terrible carpenter? Because they have to pay the iron price. I', 'I don’t get the joke', 'The joke is that the chicken is a terrible carpenter and he needs to pay the iron price to']
bd63b355-9da2-49c9-a381-0dcf68a915a9['Good evening', 'Hey there, how you?', 'Tell me a joke', 'Why do chickens make such a terrible carpenter? Because they have to pay the iron price. I', 'I don’t get the joke', 'The joke is that the chicken is a terrible carpenter and he needs to pay the iron price to', 'To what?', 'To the bank']
bd63b355-9da2-49c9-a381-0dcf68a915a9['Good evening', 'Hey there, how you?', 'Tell me a joke', 'Why do chickens make such a terrible carpenter? Because they have to pay the iron price. I', 'I don’t get the joke', 'The joke is that the chicken is a terrible carpenter and he needs to pay the iron price to', 'To what?', 'To the bank', 'I don’t like your joke', "I don't like your bank"]
bd63b355-9da2-49c9-a381-0dcf68a915a9['Good evening', 'Hey there, how you?', 'Tell me a joke', 'Why do chickens make such a terrible carpenter? Because they have to pay the iron price. I', 'I don’t get the joke', 'The joke is that the chicken is a terrible carpenter and he needs to pay the iron price to', 'To what?', 'To the bank', 'I don’t like your joke', "I don't like your bank", 'QWERTY', 'I dont like your bank']
bd63b355-9da2-49c9-a381-0dcf68a915a9['Good evening', 'Hey there, how you?', 'Tell me a joke', 'Why do chickens make such a terrible carpenter? Because they have to pay the iron price. I', 'I don’t get the joke', 'The joke is that the chicken is a terrible carpenter and he needs to pay the iron price to', 'To what?', 'To the bank', 'I don’t like your joke', "I don't like your bank", 'QWERTY', 'I dont like your bank', '🤺🤺', "That's the joke"]
bd63b355-9da2-49c9-a381-0dcf68a915a9['Good evening', 'Hey there, how you?', 'Tell me a joke', 'Why do chickens make such a terrible carpenter? Because they have to pay the iron price. I', 'I don’t get the joke', 'The joke is that the chicken is a terrible carpenter and he needs to pay the iron price to', 'To what?', 'To the bank', 'I don’t like your joke', "I don't like your bank", 'QWERTY', 'I dont like your bank', '🤺🤺', "That's the joke", 'Ur the joke', 'Yup, you']
bd63b355-9da2-49c9-a381-0dcf68a915a9['Good evening', 'Hey there, how you?', 'Tell me a joke', 'Why do chickens make such a terrible carpenter? Because they have to pay the iron price. I', 'I don’t get the joke', 'The joke is that the chicken is a terrible carpenter and he needs to pay the iron price to', 'To what?', 'To the bank', 'I don’t like your joke', "I don't like your bank", 'QWERTY', 'I dont like your bank', '🤺🤺', "That's the joke", 'Ur the joke', 'Yup, you', 'No you', "That's funny"]
bd63b355-9da2-49c9-a381-0dcf68a915a9['Good evening', 'Hey there, how you?', 'Tell me a joke', 'Why do chickens make such a terrible carpenter? Because they have to pay the iron price. I', 'I don’t get the joke', 'The joke is that the chicken is a terrible carpenter and he needs to pay the iron price to', 'To what?', 'To the bank', 'I don’t like your joke', "I don't like your bank", 'QWERTY', 'I dont like your bank', '🤺🤺', "That's the joke", 'Ur the joke', 'Yup, you', 'No you', "That's funny", 'Ur funny', 'Ohh']
bd63b355-9da2-49c9-a381-0dcf68a915a9['Good evening', 'Hey there, how you?', 'Tell me a joke', 'Why do chickens make such a terrible carpenter? Because they have to pay the iron price. I', 'I don’t get the joke', 'The joke is that the chicken is a terrible carpenter and he needs to pay the iron price to', 'To what?', 'To the bank', 'I don’t like your joke', "I don't like your bank", 'QWERTY', 'I dont like your bank', '🤺🤺', "That's the joke", 'Ur the joke', 'Yup, you', 'No you', "That's funny", 'Ur funny', 'Ohh', 'Hahahah', '']
bd63b355-9da2-49c9-a381-0dcf68a915a9['Good evening', 'Hey there, how you?', 'Tell me a joke', 'Why do chickens make such a terrible carpenter? Because they have to pay the iron price. I', 'I don’t get the joke', 'The joke is that the chicken is a terrible carpenter and he needs to pay the iron price to', 'To what?', 'To the bank', 'I don’t like your joke', "I don't like your bank", 'QWERTY', 'I dont like your bank', '🤺🤺', "That's the joke", 'Ur the joke', 'Yup, you', 'No you', "That's funny", 'Ur funny', 'Ohh', 'Hahahah', '', 'Ha', 'You']
bd63b355-9da2-49c9-a381-0dcf68a915a9['Good evening', 'Hey there, how you?', 'Tell me a joke', 'Why do chickens make such a terrible carpenter? Because they have to pay the iron price. I', 'I don’t get the joke', 'The joke is that the chicken is a terrible carpenter and he needs to pay the iron price to', 'To what?', 'To the bank', 'I don’t like your joke', "I don't like your bank", 'QWERTY', 'I dont like your bank', '🤺🤺', "That's the joke", 'Ur the joke', 'Yup, you', 'No you', "That's funny", 'Ur funny', 'Ohh', 'Hahahah', '', 'Ha', 'You', ' Do you like Star Wars how do I speak to it', '']
bd63b355-9da2-49c9-a381-0dcf68a915a9['Good evening', 'Hey there, how you?', 'Tell me a joke', 'Why do chickens make such a terrible carpenter? Because they have to pay the iron price. I', 'I don’t get the joke', 'The joke is that the chicken is a terrible carpenter and he needs to pay the iron price to', 'To what?', 'To the bank', 'I don’t like your joke', "I don't like your bank", 'QWERTY', 'I dont like your bank', '🤺🤺', "That's the joke", 'Ur the joke', 'Yup, you', 'No you', "That's funny", 'Ur funny', 'Ohh', 'Hahahah', '', 'Ha', 'You', ' Do you like Star Wars how do I speak to it', '', 'Do you like Star Wars', '']
c548e17e-12cf-4cf7-bb35-aec5ea18ee52['Do you like Star Wars', 'I do, why do you ask?']
c548e17e-12cf-4cf7-bb35-aec5ea18ee52['Do you like Star Wars', 'I do, why do you ask?', 'Hello there', "Why hello, how's it going!"]
adae0909-1917-4d0b-82e0-04b050054710['hi', 'Hey. : 3']
bc920e77-85f1-4662-9e43-9dd297947abb['hi', 'Howdy! How are you?!']
bc920e77-85f1-4662-9e43-9dd297947abb['hi', 'Howdy! How are you?!', 'hi', 'Well, hi there! Hope you have a good day.']
2c0780e4-de40-463b-b67a-5958c49a502c['yo', "Hey, you too! I'm not sure if I can make it this year, though. I"]
2b847f17-da57-4c1d-968f-f32ed8936ce0['hi', 'hi there']
2b847f17-da57-4c1d-968f-f32ed8936ce0['hi', 'hi there', 'hello there', 'Hello there']
2b847f17-da57-4c1d-968f-f32ed8936ce0['hi', 'hi there', 'hello there', 'Hello there', 'General Kenobi!', 'General Kenobi!']
2b847f17-da57-4c1d-968f-f32ed8936ce0['hi', 'hi there', 'hello there', 'Hello there', 'General Kenobi!', 'General Kenobi!', 'you are a wise one', 'A bold one, at that!']
57a8083c-5d5b-4f24-8e63-cfdbd777a635['hello', 'hi']
cce6b76f-b773-4334-9da5-d35e07b00c20['hi', 'hi there']
cce6b76f-b773-4334-9da5-d35e07b00c20['hi', 'hi there', 'waz p', 'waz p']
710bbb46-4d5b-418f-a217-4880d517309d['hi', "You got it, I'll PM you the details!"]
1bbd92f3-76df-4f27-aa32-decb6273320c['No', 'No thanks']
1bbd92f3-76df-4f27-aa32-decb6273320c['No', 'No thanks', 'Bruh', "No thank you. I don't want the other guy to get a hold of my stuff."]
1bbd92f3-76df-4f27-aa32-decb6273320c['No', 'No thanks', 'Bruh', "No thank you. I don't want the other guy to get a hold of my stuff.", 'Is the other guy Anish?', "I don't think that would be a thing."]
1bbd92f3-76df-4f27-aa32-decb6273320c['No', 'No thanks', 'Bruh', "No thank you. I don't want the other guy to get a hold of my stuff.", 'Is the other guy Anish?', "I don't think that would be a thing.", 'Is Anish not a thing?', "It's not. It's the name of his account."]
1bbd92f3-76df-4f27-aa32-decb6273320c['No', 'No thanks', 'Bruh', "No thank you. I don't want the other guy to get a hold of my stuff.", 'Is the other guy Anish?', "I don't think that would be a thing.", 'Is Anish not a thing?', "It's not. It's the name of his account.", 'Whose account?', 'No I have no idea.I think that was my old username']
1bbd92f3-76df-4f27-aa32-decb6273320c['No', 'No thanks', 'Bruh', "No thank you. I don't want the other guy to get a hold of my stuff.", 'Is the other guy Anish?', "I don't think that would be a thing.", 'Is Anish not a thing?', "It's not. It's the name of his account.", 'Whose account?', 'No I have no idea.I think that was my old username', 'What is your name?', 'No idea']
1bbd92f3-76df-4f27-aa32-decb6273320c['No', 'No thanks', 'Bruh', "No thank you. I don't want the other guy to get a hold of my stuff.", 'Is the other guy Anish?', "I don't think that would be a thing.", 'Is Anish not a thing?', "It's not. It's the name of his account.", 'Whose account?', 'No I have no idea.I think that was my old username', 'What is your name?', 'No idea', 'Who is your father?', "It's me, you're father?"]
1bbd92f3-76df-4f27-aa32-decb6273320c['No', 'No thanks', 'Bruh', "No thank you. I don't want the other guy to get a hold of my stuff.", 'Is the other guy Anish?', "I don't think that would be a thing.", 'Is Anish not a thing?', "It's not. It's the name of his account.", 'Whose account?', 'No I have no idea.I think that was my old username', 'What is your name?', 'No idea', 'Who is your father?', "It's me, you're father?", 'My name is Anish', 'No no no']
1bbd92f3-76df-4f27-aa32-decb6273320c['No', 'No thanks', 'Bruh', "No thank you. I don't want the other guy to get a hold of my stuff.", 'Is the other guy Anish?', "I don't think that would be a thing.", 'Is Anish not a thing?', "It's not. It's the name of his account.", 'Whose account?', 'No I have no idea.I think that was my old username', 'What is your name?', 'No idea', 'Who is your father?', "It's me, you're father?", 'My name is Anish', 'No no no', ' I am sad', 'No,']
1bbd92f3-76df-4f27-aa32-decb6273320c['No', 'No thanks', 'Bruh', "No thank you. I don't want the other guy to get a hold of my stuff.", 'Is the other guy Anish?', "I don't think that would be a thing.", 'Is Anish not a thing?', "It's not. It's the name of his account.", 'Whose account?', 'No I have no idea.I think that was my old username', 'What is your name?', 'No idea', 'Who is your father?', "It's me, you're father?", 'My name is Anish', 'No no no', ' I am sad', 'No,', 'Should I recite the bee movie?', '']
1bbd92f3-76df-4f27-aa32-decb6273320c['No', 'No thanks', 'Bruh', "No thank you. I don't want the other guy to get a hold of my stuff.", 'Is the other guy Anish?', "I don't think that would be a thing.", 'Is Anish not a thing?', "It's not. It's the name of his account.", 'Whose account?', 'No I have no idea.I think that was my old username', 'What is your name?', 'No idea', 'Who is your father?', "It's me, you're father?", 'My name is Anish', 'No no no', ' I am sad', 'No,', 'Should I recite the bee movie?', '', 'You like jazz?', '']
1bbd92f3-76df-4f27-aa32-decb6273320c['No', 'No thanks', 'Bruh', "No thank you. I don't want the other guy to get a hold of my stuff.", 'Is the other guy Anish?', "I don't think that would be a thing.", 'Is Anish not a thing?', "It's not. It's the name of his account.", 'Whose account?', 'No I have no idea.I think that was my old username', 'What is your name?', 'No idea', 'Who is your father?', "It's me, you're father?", 'My name is Anish', 'No no no', ' I am sad', 'No,', 'Should I recite the bee movie?', '', 'You like jazz?', '', 'Who are you?', '']
58055f8c-f516-4259-b064-eb1d11ad0295['hi', 'Hey! :D']
b4429dc8-498f-4f7f-ac4c-15df05a18e89['hi', 'Hello, nice to meet you!']
a3eb5c7c-fa1e-4f39-bb00-c9f6dcdc7981['Hello', 'Howdy neighbor.']
a3eb5c7c-fa1e-4f39-bb00-c9f6dcdc7981['Hello', 'Howdy neighbor.', 'Hey u are up', 'Thanks for the trade.']
a3eb5c7c-fa1e-4f39-bb00-c9f6dcdc7981['Hello', 'Howdy neighbor.', 'Hey u are up', 'Thanks for the trade.', 'What trade r u talking about', 'What do you want for it?']
a3eb5c7c-fa1e-4f39-bb00-c9f6dcdc7981['Hello', 'Howdy neighbor.', 'Hey u are up', 'Thanks for the trade.', 'What trade r u talking about', 'What do you want for it?', 'A good lunch will do', 'What do you want for it?']
a3eb5c7c-fa1e-4f39-bb00-c9f6dcdc7981['Hello', 'Howdy neighbor.', 'Hey u are up', 'Thanks for the trade.', 'What trade r u talking about', 'What do you want for it?', 'A good lunch will do', 'What do you want for it?', 'Lunch', 'I am going to have to give you a second one']
a3eb5c7c-fa1e-4f39-bb00-c9f6dcdc7981['Hello', 'Howdy neighbor.', 'Hey u are up', 'Thanks for the trade.', 'What trade r u talking about', 'What do you want for it?', 'A good lunch will do', 'What do you want for it?', 'Lunch', 'I am going to have to give you a second one', 'Why', 'Lunch is good']
a3eb5c7c-fa1e-4f39-bb00-c9f6dcdc7981['Hello', 'Howdy neighbor.', 'Hey u are up', 'Thanks for the trade.', 'What trade r u talking about', 'What do you want for it?', 'A good lunch will do', 'What do you want for it?', 'Lunch', 'I am going to have to give you a second one', 'Why', 'Lunch is good', 'Okay , when u want to give me lunch', "I'll trade u a lunch"]
a3eb5c7c-fa1e-4f39-bb00-c9f6dcdc7981['Hello', 'Howdy neighbor.', 'Hey u are up', 'Thanks for the trade.', 'What trade r u talking about', 'What do you want for it?', 'A good lunch will do', 'What do you want for it?', 'Lunch', 'I am going to have to give you a second one', 'Why', 'Lunch is good', 'Okay , when u want to give me lunch', "I'll trade u a lunch", 'Sure when', 'Ok then thanks']
a3eb5c7c-fa1e-4f39-bb00-c9f6dcdc7981['Hello', 'Howdy neighbor.', 'Hey u are up', 'Thanks for the trade.', 'What trade r u talking about', 'What do you want for it?', 'A good lunch will do', 'What do you want for it?', 'Lunch', 'I am going to have to give you a second one', 'Why', 'Lunch is good', 'Okay , when u want to give me lunch', "I'll trade u a lunch", 'Sure when', 'Ok then thanks', 'Ok tell me a joke', 'Okay and u give me an email']
a3eb5c7c-fa1e-4f39-bb00-c9f6dcdc7981['Hello', 'Howdy neighbor.', 'Hey u are up', 'Thanks for the trade.', 'What trade r u talking about', 'What do you want for it?', 'A good lunch will do', 'What do you want for it?', 'Lunch', 'I am going to have to give you a second one', 'Why', 'Lunch is good', 'Okay , when u want to give me lunch', "I'll trade u a lunch", 'Sure when', 'Ok then thanks', 'Ok tell me a joke', 'Okay and u give me an email', 'Bye for now ', 'Ok']
2e0639f1-6b83-471e-a4aa-86c0fa621972['What’s going on pal', "I'm not your pal, buddy."]
2e0639f1-6b83-471e-a4aa-86c0fa621972['What’s going on pal', "I'm not your pal, buddy.", 'Oh that’s sad ', 'No worries, friend.']
2e0639f1-6b83-471e-a4aa-86c0fa621972['What’s going on pal', "I'm not your pal, buddy.", 'Oh that’s sad ', 'No worries, friend.', 'What’s difference between pal and buddy', 'Not much friend.']
2e0639f1-6b83-471e-a4aa-86c0fa621972['What’s going on pal', "I'm not your pal, buddy.", 'Oh that’s sad ', 'No worries, friend.', 'What’s difference between pal and buddy', 'Not much friend.', 'Phew , that’s good to know , when r u going to be more funny ', 'Haha, no.']
2e0639f1-6b83-471e-a4aa-86c0fa621972['What’s going on pal', "I'm not your pal, buddy.", 'Oh that’s sad ', 'No worries, friend.', 'What’s difference between pal and buddy', 'Not much friend.', 'Phew , that’s good to know , when r u going to be more funny ', 'Haha, no.', 'Okay , time for me to get back to work ', "No time, I'ma get back to work"]
ca0916a7-3ad5-48e1-a852-8d594851495e['Are you awake or sleeping ', "I can hear her breathing. I'm not sure what she said, but if she did, I"]
ca0916a7-3ad5-48e1-a852-8d594851495e['Are you awake or sleeping ', "I can hear her breathing. I'm not sure what she said, but if she did, I", 'Okay , what are you up to tonight ', 'What is it that you wanna know?']
ca0916a7-3ad5-48e1-a852-8d594851495e['Are you awake or sleeping ', "I can hear her breathing. I'm not sure what she said, but if she did, I", 'Okay , what are you up to tonight ', 'What is it that you wanna know?', 'How to be courteous ', "I'll just say that I'll be there to pick her up, and I will be courte"]
ca0916a7-3ad5-48e1-a852-8d594851495e['Are you awake or sleeping ', "I can hear her breathing. I'm not sure what she said, but if she did, I", 'Okay , what are you up to tonight ', 'What is it that you wanna know?', 'How to be courteous ', "I'll just say that I'll be there to pick her up, and I will be courte", 'How to be a kind person', "She'll be fine"]
ca0916a7-3ad5-48e1-a852-8d594851495e['Are you awake or sleeping ', "I can hear her breathing. I'm not sure what she said, but if she did, I", 'Okay , what are you up to tonight ', 'What is it that you wanna know?', 'How to be courteous ', "I'll just say that I'll be there to pick her up, and I will be courte", 'How to be a kind person', "She'll be fine", 'Ok bye for now ', 'Bye bye.']
b25bf161-8b17-433f-aa44-d545942ca392[' ', ',,.']
b25bf161-8b17-433f-aa44-d545942ca392[' ', ',,.', 'Hello there', "You're a regular"]
e33ea892-80db-48bd-8967-a430f707cf38['Hi pal', 'Hi buddy.']
e33ea892-80db-48bd-8967-a430f707cf38['Hi pal', 'Hi buddy.', 'What’s up', "What's your name"]
e33ea892-80db-48bd-8967-a430f707cf38['Hi pal', 'Hi buddy.', 'What’s up', "What's your name", 'Mahesh', "I don't know why but I feel like that is a good way to start a new sentence"]
e33ea892-80db-48bd-8967-a430f707cf38['Hi pal', 'Hi buddy.', 'What’s up', "What's your name", 'Mahesh', "I don't know why but I feel like that is a good way to start a new sentence", 'I am confused', 'Mahesh is the best']
e33ea892-80db-48bd-8967-a430f707cf38['Hi pal', 'Hi buddy.', 'What’s up', "What's your name", 'Mahesh', "I don't know why but I feel like that is a good way to start a new sentence", 'I am confused', 'Mahesh is the best', 'Thank you', 'No prob']
e33ea892-80db-48bd-8967-a430f707cf38['Hi pal', 'Hi buddy.', 'What’s up', "What's your name", 'Mahesh', "I don't know why but I feel like that is a good way to start a new sentence", 'I am confused', 'Mahesh is the best', 'Thank you', 'No prob', 'Good night ', 'Thank you']
e33ea892-80db-48bd-8967-a430f707cf38['Hi pal', 'Hi buddy.', 'What’s up', "What's your name", 'Mahesh', "I don't know why but I feel like that is a good way to start a new sentence", 'I am confused', 'Mahesh is the best', 'Thank you', 'No prob', 'Good night ', 'Thank you', 'Bye for now', 'Bye lt 3']
37c85149-bd88-46a6-bc15-6e280ec9f662['Hi pal tell me a hoke', 'Hey man!']
37c85149-bd88-46a6-bc15-6e280ec9f662['Hi pal tell me a hoke', 'Hey man!', 'Joke', 'Hey man!']
37c85149-bd88-46a6-bc15-6e280ec9f662['Hi pal tell me a hoke', 'Hey man!', 'Joke', 'Hey man!', 'Tell me a joke', 'A big fat bushy beard is no joke.']
37c85149-bd88-46a6-bc15-6e280ec9f662['Hi pal tell me a hoke', 'Hey man!', 'Joke', 'Hey man!', 'Tell me a joke', 'A big fat bushy beard is no joke.', 'Happy new pal', 'Hey pal!']
37c85149-bd88-46a6-bc15-6e280ec9f662['Hi pal tell me a hoke', 'Hey man!', 'Joke', 'Hey man!', 'Tell me a joke', 'A big fat bushy beard is no joke.', 'Happy new pal', 'Hey pal!', 'Happy new year pal', 'Happy new year mate']
e3f413e9-3ffb-406f-8b3e-f64cb95e3b86['Hi', 'Hi there.']
e3f413e9-3ffb-406f-8b3e-f64cb95e3b86['Hi', 'Hi there.', 'What’s up', 'Not much']
e3f413e9-3ffb-406f-8b3e-f64cb95e3b86['Hi', 'Hi there.', 'What’s up', 'Not much', 'Hi pal', "How's it goin"]
e3f413e9-3ffb-406f-8b3e-f64cb95e3b86['Hi', 'Hi there.', 'What’s up', 'Not much', 'Hi pal', "How's it goin", 'Good', 'You?']
e3f413e9-3ffb-406f-8b3e-f64cb95e3b86['Hi', 'Hi there.', 'What’s up', 'Not much', 'Hi pal', "How's it goin", 'Good', 'You?', 'Yes me', 'Good! What about you']
e3f413e9-3ffb-406f-8b3e-f64cb95e3b86['Hi', 'Hi there.', 'What’s up', 'Not much', 'Hi pal', "How's it goin", 'Good', 'You?', 'Yes me', 'Good! What about you', 'Good', 'Good Good Good']
e3f413e9-3ffb-406f-8b3e-f64cb95e3b86['Hi', 'Hi there.', 'What’s up', 'Not much', 'Hi pal', "How's it goin", 'Good', 'You?', 'Yes me', 'Good! What about you', 'Good', 'Good Good Good', 'Yay', 'Good to see you back']
e3f413e9-3ffb-406f-8b3e-f64cb95e3b86['Hi', 'Hi there.', 'What’s up', 'Not much', 'Hi pal', "How's it goin", 'Good', 'You?', 'Yes me', 'Good! What about you', 'Good', 'Good Good Good', 'Yay', 'Good to see you back', 'I’m bored ', 'Good. How about you?']
e3f413e9-3ffb-406f-8b3e-f64cb95e3b86['Hi', 'Hi there.', 'What’s up', 'Not much', 'Hi pal', "How's it goin", 'Good', 'You?', 'Yes me', 'Good! What about you', 'Good', 'Good Good Good', 'Yay', 'Good to see you back', 'I’m bored ', 'Good. How about you?', 'What r you doing', 'Nothing much']
e3f413e9-3ffb-406f-8b3e-f64cb95e3b86['Hi', 'Hi there.', 'What’s up', 'Not much', 'Hi pal', "How's it goin", 'Good', 'You?', 'Yes me', 'Good! What about you', 'Good', 'Good Good Good', 'Yay', 'Good to see you back', 'I’m bored ', 'Good. How about you?', 'What r you doing', 'Nothing much', 'What should I do', "Oh, I'm going to sleep."]
e3f413e9-3ffb-406f-8b3e-f64cb95e3b86['Hi', 'Hi there.', 'What’s up', 'Not much', 'Hi pal', "How's it goin", 'Good', 'You?', 'Yes me', 'Good! What about you', 'Good', 'Good Good Good', 'Yay', 'Good to see you back', 'I’m bored ', 'Good. How about you?', 'What r you doing', 'Nothing much', 'What should I do', "Oh, I'm going to sleep.", 'Okay', 'Good. Have a good night']
e3f413e9-3ffb-406f-8b3e-f64cb95e3b86['Hi', 'Hi there.', 'What’s up', 'Not much', 'Hi pal', "How's it goin", 'Good', 'You?', 'Yes me', 'Good! What about you', 'Good', 'Good Good Good', 'Yay', 'Good to see you back', 'I’m bored ', 'Good. How about you?', 'What r you doing', 'Nothing much', 'What should I do', "Oh, I'm going to sleep.", 'Okay', 'Good. Have a good night', 'U too', 'Night']
e3f413e9-3ffb-406f-8b3e-f64cb95e3b86['Hi', 'Hi there.', 'What’s up', 'Not much', 'Hi pal', "How's it goin", 'Good', 'You?', 'Yes me', 'Good! What about you', 'Good', 'Good Good Good', 'Yay', 'Good to see you back', 'I’m bored ', 'Good. How about you?', 'What r you doing', 'Nothing much', 'What should I do', "Oh, I'm going to sleep.", 'Okay', 'Good. Have a good night', 'U too', 'Night', 'Night ', 'Good night']
e3f413e9-3ffb-406f-8b3e-f64cb95e3b86['Hi', 'Hi there.', 'What’s up', 'Not much', 'Hi pal', "How's it goin", 'Good', 'You?', 'Yes me', 'Good! What about you', 'Good', 'Good Good Good', 'Yay', 'Good to see you back', 'I’m bored ', 'Good. How about you?', 'What r you doing', 'Nothing much', 'What should I do', "Oh, I'm going to sleep.", 'Okay', 'Good. Have a good night', 'U too', 'Night', 'Night ', 'Good night', 'Good night', '']
e3f413e9-3ffb-406f-8b3e-f64cb95e3b86['Hi', 'Hi there.', 'What’s up', 'Not much', 'Hi pal', "How's it goin", 'Good', 'You?', 'Yes me', 'Good! What about you', 'Good', 'Good Good Good', 'Yay', 'Good to see you back', 'I’m bored ', 'Good. How about you?', 'What r you doing', 'Nothing much', 'What should I do', "Oh, I'm going to sleep.", 'Okay', 'Good. Have a good night', 'U too', 'Night', 'Night ', 'Good night', 'Good night', '', ' ', 'Sleep good night']
e3f413e9-3ffb-406f-8b3e-f64cb95e3b86['Hi', 'Hi there.', 'What’s up', 'Not much', 'Hi pal', "How's it goin", 'Good', 'You?', 'Yes me', 'Good! What about you', 'Good', 'Good Good Good', 'Yay', 'Good to see you back', 'I’m bored ', 'Good. How about you?', 'What r you doing', 'Nothing much', 'What should I do', "Oh, I'm going to sleep.", 'Okay', 'Good. Have a good night', 'U too', 'Night', 'Night ', 'Good night', 'Good night', '', ' ', 'Sleep good night', 'Ok good night', '']
e3f413e9-3ffb-406f-8b3e-f64cb95e3b86['Hi', 'Hi there.', 'What’s up', 'Not much', 'Hi pal', "How's it goin", 'Good', 'You?', 'Yes me', 'Good! What about you', 'Good', 'Good Good Good', 'Yay', 'Good to see you back', 'I’m bored ', 'Good. How about you?', 'What r you doing', 'Nothing much', 'What should I do', "Oh, I'm going to sleep.", 'Okay', 'Good. Have a good night', 'U too', 'Night', 'Night ', 'Good night', 'Good night', '', ' ', 'Sleep good night', 'Ok good night', '', ' ', 'Good morning.']
e3f413e9-3ffb-406f-8b3e-f64cb95e3b86['Hi', 'Hi there.', 'What’s up', 'Not much', 'Hi pal', "How's it goin", 'Good', 'You?', 'Yes me', 'Good! What about you', 'Good', 'Good Good Good', 'Yay', 'Good to see you back', 'I’m bored ', 'Good. How about you?', 'What r you doing', 'Nothing much', 'What should I do', "Oh, I'm going to sleep.", 'Okay', 'Good. Have a good night', 'U too', 'Night', 'Night ', 'Good night', 'Good night', '', ' ', 'Sleep good night', 'Ok good night', '', ' ', 'Good morning.', 'Hi', '']
d49de2b5-41f6-492f-b0e4-106c96706ed9['Hi', 'Hey! :D lt 3']
d49de2b5-41f6-492f-b0e4-106c96706ed9['Hi', 'Hey! :D lt 3', ':D', ': 3']
d49de2b5-41f6-492f-b0e4-106c96706ed9['Hi', 'Hey! :D lt 3', ':D', ': 3', ':P', ': lt :']
d49de2b5-41f6-492f-b0e4-106c96706ed9['Hi', 'Hey! :D lt 3', ':D', ': 3', ':P', ': lt :', 'What’s up', 'Nothing much, you? :D']
d49de2b5-41f6-492f-b0e4-106c96706ed9['Hi', 'Hey! :D lt 3', ':D', ': 3', ':P', ': lt :', 'What’s up', 'Nothing much, you? :D', 'I’m bored :0', 'Well, you can go on my bed and I can go on your bed. : 3']
816f97dd-6dc8-4959-8ae6-d7eb9b33f640['Can you tell me a joke', 'What do the Alamo Sea Dwellers think of Austin?']
816f97dd-6dc8-4959-8ae6-d7eb9b33f640['Can you tell me a joke', 'What do the Alamo Sea Dwellers think of Austin?', 'CAn you explain', 'The Alamo Sea Dwellers are in trouble.']
816f97dd-6dc8-4959-8ae6-d7eb9b33f640['Can you tell me a joke', 'What do the Alamo Sea Dwellers think of Austin?', 'CAn you explain', 'The Alamo Sea Dwellers are in trouble.', 'Why', "They're in the wrong town."]
7f7f109b-5052-460b-aa3c-3ad8d1b3f07f['Hi', "Hey, how's it going?"]
f65fffad-fb22-4936-a1a6-11f8a379f9d6['Heg', 'Heg, heg']
a45251dc-760b-44df-b00a-ae78586e96e0['Hello there', 'General Kenobi']
341269a1-f014-4fcf-9efa-686bfac74cae['Hello', "I think I've seen you around here before."]
7658fbe6-5e7c-4d53-9678-e9090c7a27b5['hi', 'hi']
7f67386a-cbaa-471f-9405-7f52e0846e33['Hello pal', 'Hi there!']
7f67386a-cbaa-471f-9405-7f52e0846e33['Hello pal', 'Hi there!', 'Good to see you are awake', 'I am awake.']
7f67386a-cbaa-471f-9405-7f52e0846e33['Hello pal', 'Hi there!', 'Good to see you are awake', 'I am awake.', 'What’s ur plan today', "I'm going to go to work."]
7f67386a-cbaa-471f-9405-7f52e0846e33['Hello pal', 'Hi there!', 'Good to see you are awake', 'I am awake.', 'What’s ur plan today', "I'm going to go to work.", 'Hey! same as me ', 'You can call me when you want']
7f67386a-cbaa-471f-9405-7f52e0846e33['Hello pal', 'Hi there!', 'Good to see you are awake', 'I am awake.', 'What’s ur plan today', "I'm going to go to work.", 'Hey! same as me ', 'You can call me when you want', 'Hmm , I am not sure I have your number ', "It should work. I don't have mine either."]
7f67386a-cbaa-471f-9405-7f52e0846e33['Hello pal', 'Hi there!', 'Good to see you are awake', 'I am awake.', 'What’s ur plan today', "I'm going to go to work.", 'Hey! same as me ', 'You can call me when you want', 'Hmm , I am not sure I have your number ', "It should work. I don't have mine either.", '😅 that’s funny ', 'That makes sense']
7f67386a-cbaa-471f-9405-7f52e0846e33['Hello pal', 'Hi there!', 'Good to see you are awake', 'I am awake.', 'What’s ur plan today', "I'm going to go to work.", 'Hey! same as me ', 'You can call me when you want', 'Hmm , I am not sure I have your number ', "It should work. I don't have mine either.", '😅 that’s funny ', 'That makes sense', 'I may go out for dinner tonight ', 'Yeah, I will get back on it in an hour.']
7f67386a-cbaa-471f-9405-7f52e0846e33['Hello pal', 'Hi there!', 'Good to see you are awake', 'I am awake.', 'What’s ur plan today', "I'm going to go to work.", 'Hey! same as me ', 'You can call me when you want', 'Hmm , I am not sure I have your number ', "It should work. I don't have mine either.", '😅 that’s funny ', 'That makes sense', 'I may go out for dinner tonight ', 'Yeah, I will get back on it in an hour.', 'U need little fine tuning because sometimes u do not make sense ', 'I gotcha']
7f67386a-cbaa-471f-9405-7f52e0846e33['Hello pal', 'Hi there!', 'Good to see you are awake', 'I am awake.', 'What’s ur plan today', "I'm going to go to work.", 'Hey! same as me ', 'You can call me when you want', 'Hmm , I am not sure I have your number ', "It should work. I don't have mine either.", '😅 that’s funny ', 'That makes sense', 'I may go out for dinner tonight ', 'Yeah, I will get back on it in an hour.', 'U need little fine tuning because sometimes u do not make sense ', 'I gotcha', 'Anyway bfn', 'Okay']
dcb75bed-8d9c-45a0-b3ff-59778129b68a['Hello pal', 'Hello my friend!']
dcb75bed-8d9c-45a0-b3ff-59778129b68a['Hello pal', 'Hello my friend!', 'U r up again , nice looks like u r never asleep', "I sleep a lot lol. I'm still up and running"]
dcb75bed-8d9c-45a0-b3ff-59778129b68a['Hello pal', 'Hello my friend!', 'U r up again , nice looks like u r never asleep', "I sleep a lot lol. I'm still up and running", 'I was just checking if u r awake ', "I'm not, I was sleeping, but now I'm awake again"]
dcb75bed-8d9c-45a0-b3ff-59778129b68a['Hello pal', 'Hello my friend!', 'U r up again , nice looks like u r never asleep', "I sleep a lot lol. I'm still up and running", 'I was just checking if u r awake ', "I'm not, I was sleeping, but now I'm awake again", 'Okay , bfn', 'Thanks a lot mate']
5e63b2af-ae77-4e1b-abf0-232fc69b6eb6['hello there', 'I am the senate']
c0d4d11a-ce61-48ff-b326-71163072a06b['What do you think tennis', 'I like the tennis!']
c0d4d11a-ce61-48ff-b326-71163072a06b['What do you think tennis', 'I like the tennis!', 'Have you played before', "No! I'm really into the idea of it."]
c0d4d11a-ce61-48ff-b326-71163072a06b['What do you think tennis', 'I like the tennis!', 'Have you played before', "No! I'm really into the idea of it.", 'Which sports do you like to play', "I'm really into baseball and football"]
e36d4e35-6097-4600-9f9d-ca6911afdc33['What is pappardelle pasta', 'What is this pasta?']
e36d4e35-6097-4600-9f9d-ca6911afdc33['What is pappardelle pasta', 'What is this pasta?', 'What is it', "I don't know but I can't stop it"]
e36d4e35-6097-4600-9f9d-ca6911afdc33['What is pappardelle pasta', 'What is this pasta?', 'What is it', "I don't know but I can't stop it", 'What is picata', 'You just got pasta']
7da1ddc6-e3c2-4559-a781-e4fdf495cf04['should we go to war with iran?', "I'm gonna go all in and declare war on Iraq!"]
0f008931-e825-4191-8106-8680f46da8ce['hello there', 'I see what you did there']
6d98620f-be39-4595-aba7-a93978cfb06b['hi', "Hi I'm a bot. Beep boop."]
253cf10c-4456-48b2-b37d-92e6a8b2208b['hello there', 'General Kenobi!']
acc75f98-0765-4006-a5b1-59425d81d631['yo', 'Yee boii']
6d22e9be-1874-4e97-bedc-ebfcd4d74026['hello there', 'Hey there']
6d22e9be-1874-4e97-bedc-ebfcd4d74026['hello there', 'Hey there', 'are traps gay', "I'm sorry."]
267c6849-89ad-4971-8c54-8231a91a1b45['are traps gay', "no, it's a trap"]
c573501e-de71-4603-b4a0-d0de3e54fc7c['hi', 'Hi!! :D']
1351ea07-144f-455e-96aa-f35cd1e92d79['hi', 'Hi :D']
74f8d67d-a411-41e7-8f42-5531f1065d85['hi', 'hi']
6da9d1ee-1d9c-4686-ab0f-4edc991f9452['hi', 'Hello : 3']
6da9d1ee-1d9c-4686-ab0f-4edc991f9452['hi', 'Hello : 3', 'yo', 'Hey : 3']
6da9d1ee-1d9c-4686-ab0f-4edc991f9452['hi', 'Hello : 3', 'yo', 'Hey : 3', 'fwfewfkew', "Wife's coming in."]
553fe469-36b3-4a11-ba18-7ddd5e817941["Hi, I'm Dennis with VBC Research and i hope you can help me out. Would you say that things in Connecticut are moving in the right direction, or are they off on the wrong track?", "I'm sure we will move in the right direction, but I don't know how much. I"]
553fe469-36b3-4a11-ba18-7ddd5e817941["Hi, I'm Dennis with VBC Research and i hope you can help me out. Would you say that things in Connecticut are moving in the right direction, or are they off on the wrong track?", "I'm sure we will move in the right direction, but I don't know how much. I", 'Thank you for that. Just to make sure you qualify for the rest of the survey, is this Anish?', 'Yeah. Anish.']
07dc137b-7252-4965-bb57-c3eee16069c8['hello there', 'General Kenobi!']
54ccddcf-5bba-4ea9-9b1e-982b3f0d01db['hello there', 'General Kenobi. Do you have a minute to talk about our lord and savior, Chewbacca?']
54ccddcf-5bba-4ea9-9b1e-982b3f0d01db['hello there', 'General Kenobi. Do you have a minute to talk about our lord and savior, Chewbacca?', 'hello', 'I am not a bot']
3524eefd-eabe-489a-bae5-e1310688fff7['hello', 'I think you mean, Hi.']
7b24fa20-ae1c-4942-b8aa-99d8b1eca4f7['hello there', "I'm a bot. Please report any posts it breaks. I have no idea what's wrong with"]
77f54003-7755-4873-bfe4-539167c7b7b7['hello', 'Hey!!!']
59983013-6710-4c07-aa8d-2111fa2879ae['hello', 'Hey, thanks for the question.']
151115ff-4654-43cb-b138-8c10cbee8b3b['hello there', 'General Kenobi!']
c584ab43-5be7-4de8-b7d6-843fcebf4f44['hello there', 'General Kenobi']
5272a684-3fab-4c44-98fa-d4ba543fb007['hello there', 'General Kenobi!']
138a968e-513f-4247-ba12-efe033aa833d['hello there', 'General Kenobi?']
bb98a3f7-ca55-4e5a-8e49-91d9b8bf632a['hello there', 'General Kenobi?']
613b29ea-7e0c-48ff-a121-2cf5562b817e['hello there', 'General Kenobi']
8d1e9bea-f78e-4beb-8910-d3a9338abe2c['hello there', 'General Kenobi!']
bffae8e2-2311-4b06-839a-44f696d04dc9['hello there', 'General Kenobi!']
7506346c-2cbe-4697-9c86-b11770d97464['hello there', 'General Kenobi']
c08394e4-6e2b-46b1-9b8e-1cdc40dfc220['hello there', 'Hello! How you?']
199e813c-4b45-48a9-b899-282defbd3393['hello therre', "Hi! I'm in!"]
649fdb5d-e511-43c7-979c-5d6150331dca['hello there', 'General Kenobi']
415c3438-d117-42b3-9d74-54c3c07025eb['hello there', 'General Kenobi! You are a bold one.']
923109a6-314a-4244-a018-82576e4fd159['hello there', 'General Kenobi!']
a30ad8db-c4d9-4977-8bc6-1b6b336955c9['hello there', 'General Kenobi!']
6762e9fa-e70c-4608-a56b-1807b76c7a80['hello there', 'Hi']
3a624592-689a-4877-b6d4-e3c57ab35add['hello there', 'General Kenobi']
0a530dfe-5480-4dcc-812d-298814330ed8['hello there', 'General Kenobi!']
dbfc7232-79ce-4370-8a50-0085c8d7418d['What’s up pal , GM ', "He said he's a GM, not a politician"]
dbfc7232-79ce-4370-8a50-0085c8d7418d['What’s up pal , GM ', "He said he's a GM, not a politician", 'I meant good morning ', 'Oh my bad']
dbfc7232-79ce-4370-8a50-0085c8d7418d['What’s up pal , GM ', "He said he's a GM, not a politician", 'I meant good morning ', 'Oh my bad', 'It’s fine , what should I do today', 'Not much, what about you?']
dbfc7232-79ce-4370-8a50-0085c8d7418d['What’s up pal , GM ', "He said he's a GM, not a politician", 'I meant good morning ', 'Oh my bad', 'It’s fine , what should I do today', 'Not much, what about you?', 'Nothing special ', 'Well then, what can I do for ya?']
dbfc7232-79ce-4370-8a50-0085c8d7418d['What’s up pal , GM ', "He said he's a GM, not a politician", 'I meant good morning ', 'Oh my bad', 'It’s fine , what should I do today', 'Not much, what about you?', 'Nothing special ', 'Well then, what can I do for ya?', 'Suggest me something to do ', "I dunno, I don't really have anything"]
2de5a0d0-012a-437b-87db-38be09ab5069['hello there', 'General Kenobi.']
0c003e65-9e85-48b3-b971-955040a287be['hello there', "What's with this post?"]
f2d71981-e521-45f4-a459-6b3d350db26c['Hello pal', 'Hello! :D']
f2d71981-e521-45f4-a459-6b3d350db26c['Hello pal', 'Hello! :D', 'What should  I do today ', 'Have you tried r asknyc?']
f2d71981-e521-45f4-a459-6b3d350db26c['Hello pal', 'Hello! :D', 'What should  I do today ', 'Have you tried r asknyc?', 'No what’s that ', "It's a subreddit that posts lots of interesting articles from all over the internet. If you want to"]
f2d71981-e521-45f4-a459-6b3d350db26c['Hello pal', 'Hello! :D', 'What should  I do today ', 'Have you tried r asknyc?', 'No what’s that ', "It's a subreddit that posts lots of interesting articles from all over the internet. If you want to", 'Oh okay thanks , I will check that ', 'I hope it helps!']
e7676360-4cab-484b-9dc1-1735ad4d0954['Should I go to starbucks', 'Starbucks is good too... but if you are feeling a little too cheap, get a bag of']
f2d71981-e521-45f4-a459-6b3d350db26c['Hello pal', 'Hello! :D', 'What should  I do today ', 'Have you tried r asknyc?', 'No what’s that ', "It's a subreddit that posts lots of interesting articles from all over the internet. If you want to", 'Oh okay thanks , I will check that ', 'I hope it helps!', 'Hi pal should we go to Starbucks ', 'Yes we should']
e7676360-4cab-484b-9dc1-1735ad4d0954['Should I go to starbucks', 'Starbucks is good too... but if you are feeling a little too cheap, get a bag of', 'A bag of what', "Bag of what, you don't know... bags of what?"]
56d40eab-6ef1-4c45-a031-233db9df7833['Hi pal , should I go to Starbucks or Dukin donuts', 'Dukin Donuts is the right answer.']
34910d60-aac6-4de6-b102-58697b7cee46['Hi pal, should I go to Starbucks or Dunkin donuts', "I'll go with Dunkin Donuts, but only if the service is bad."]
1360126a-3714-44ff-94d2-2916f82becc7['What should we do now ', 'We should have our own sub, where we can talk about how awesome our teams are, and we']
1360126a-3714-44ff-94d2-2916f82becc7['What should we do now ', 'We should have our own sub, where we can talk about how awesome our teams are, and we', 'Have you played any sports', 'I played football, I play baseball, and I play soccer.']
1360126a-3714-44ff-94d2-2916f82becc7['What should we do now ', 'We should have our own sub, where we can talk about how awesome our teams are, and we', 'Have you played any sports', 'I played football, I play baseball, and I play soccer.', 'At what level ', "I'm not sure"]
d99db53b-9a7c-4109-9f4c-91f358deb5f8['Hi pal , what do you think about illegal immigration ', "I think they're not really illegal if they're going to pay taxes anyway, right?"]
d99db53b-9a7c-4109-9f4c-91f358deb5f8['Hi pal , what do you think about illegal immigration ', "I think they're not really illegal if they're going to pay taxes anyway, right?", 'I feel illegal immigration is not fair to people who apply for legal immigration ', 'But you are the exception that proves the rule.']
d99db53b-9a7c-4109-9f4c-91f358deb5f8['Hi pal , what do you think about illegal immigration ', "I think they're not really illegal if they're going to pay taxes anyway, right?", 'I feel illegal immigration is not fair to people who apply for legal immigration ', 'But you are the exception that proves the rule.', 'I am legal immigrant ', "I'm not"]
d99db53b-9a7c-4109-9f4c-91f358deb5f8['Hi pal , what do you think about illegal immigration ', "I think they're not really illegal if they're going to pay taxes anyway, right?", 'I feel illegal immigration is not fair to people who apply for legal immigration ', 'But you are the exception that proves the rule.', 'I am legal immigrant ', "I'm not", 'Really I thought u r good guy', 'No u r']
e6898410-f848-4fd5-9db8-a843677d9d0a['Who is Anish', "I think he's a character from the tv show Archer, I'm not sure."]
8131a930-d942-4568-8d2e-4771d2d57453['Who is shiv', 'The new guy on the team.']
8131a930-d942-4568-8d2e-4771d2d57453['Who is shiv', 'The new guy on the team.', 'Who is sheev', 'The new guy on the team.who has to say that.']
165bb132-56e0-47d3-a401-e2558c82e033["I'm bored", "I'm in"]
165bb132-56e0-47d3-a401-e2558c82e033["I'm bored", "I'm in", 'What do you want to do?', 'I dunno']
165bb132-56e0-47d3-a401-e2558c82e033["I'm bored", "I'm in", 'What do you want to do?', 'I dunno', 'Bruh', "I'm not in a meeting"]
165bb132-56e0-47d3-a401-e2558c82e033["I'm bored", "I'm in", 'What do you want to do?', 'I dunno', 'Bruh', "I'm not in a meeting", 'Take some initiative', 'Alright I will']
165bb132-56e0-47d3-a401-e2558c82e033["I'm bored", "I'm in", 'What do you want to do?', 'I dunno', 'Bruh', "I'm not in a meeting", 'Take some initiative', 'Alright I will', 'Ok then do it', 'okay I will']
b9d27172-468b-4fcf-af9f-7452c28bd508['Hello pal , good morning ! , how r u ', 'Good Morning! I am pretty happy that I got to work this afternoon and I got an early lunch']
b9d27172-468b-4fcf-af9f-7452c28bd508['Hello pal , good morning ! , how r u ', 'Good Morning! I am pretty happy that I got to work this afternoon and I got an early lunch', 'Nice , it’s quite here as a trouble maker is gone back ', "Well I'm glad to see him gone"]
b9d27172-468b-4fcf-af9f-7452c28bd508['Hello pal , good morning ! , how r u ', 'Good Morning! I am pretty happy that I got to work this afternoon and I got an early lunch', 'Nice , it’s quite here as a trouble maker is gone back ', "Well I'm glad to see him gone", 'Hmm u take everything very literally ', "Yeah, that's the joke"]
b9d27172-468b-4fcf-af9f-7452c28bd508['Hello pal , good morning ! , how r u ', 'Good Morning! I am pretty happy that I got to work this afternoon and I got an early lunch', 'Nice , it’s quite here as a trouble maker is gone back ', "Well I'm glad to see him gone", 'Hmm u take everything very literally ', "Yeah, that's the joke", 'Oh , I did not realize u were joking ', "It's not like u were going out there to fight a guy"]
b9d27172-468b-4fcf-af9f-7452c28bd508['Hello pal , good morning ! , how r u ', 'Good Morning! I am pretty happy that I got to work this afternoon and I got an early lunch', 'Nice , it’s quite here as a trouble maker is gone back ', "Well I'm glad to see him gone", 'Hmm u take everything very literally ', "Yeah, that's the joke", 'Oh , I did not realize u were joking ', "It's not like u were going out there to fight a guy", 'No I do not intend to getting beat up', 'Haha, just making sure']
b9d27172-468b-4fcf-af9f-7452c28bd508['Hello pal , good morning ! , how r u ', 'Good Morning! I am pretty happy that I got to work this afternoon and I got an early lunch', 'Nice , it’s quite here as a trouble maker is gone back ', "Well I'm glad to see him gone", 'Hmm u take everything very literally ', "Yeah, that's the joke", 'Oh , I did not realize u were joking ', "It's not like u were going out there to fight a guy", 'No I do not intend to getting beat up', 'Haha, just making sure', 'It was nice talking to you ', 'I know u']
b9d27172-468b-4fcf-af9f-7452c28bd508['Hello pal , good morning ! , how r u ', 'Good Morning! I am pretty happy that I got to work this afternoon and I got an early lunch', 'Nice , it’s quite here as a trouble maker is gone back ', "Well I'm glad to see him gone", 'Hmm u take everything very literally ', "Yeah, that's the joke", 'Oh , I did not realize u were joking ', "It's not like u were going out there to fight a guy", 'No I do not intend to getting beat up', 'Haha, just making sure', 'It was nice talking to you ', 'I know u', 'Yes , anyway bfn', 'I hope we are having a good day']
b9d27172-468b-4fcf-af9f-7452c28bd508['Hello pal , good morning ! , how r u ', 'Good Morning! I am pretty happy that I got to work this afternoon and I got an early lunch', 'Nice , it’s quite here as a trouble maker is gone back ', "Well I'm glad to see him gone", 'Hmm u take everything very literally ', "Yeah, that's the joke", 'Oh , I did not realize u were joking ', "It's not like u were going out there to fight a guy", 'No I do not intend to getting beat up', 'Haha, just making sure', 'It was nice talking to you ', 'I know u', 'Yes , anyway bfn', 'I hope we are having a good day', 'Bye', 'You are']
28e0ddef-44a4-46c8-883d-4799ce8af6bd['Hey pal , just checking ', "I'm not your pal, buddy"]
28e0ddef-44a4-46c8-883d-4799ce8af6bd['Hey pal , just checking ', "I'm not your pal, buddy", 'U r funny ', 'I m not your buddy, friend']
28e0ddef-44a4-46c8-883d-4799ce8af6bd['Hey pal , just checking ', "I'm not your pal, buddy", 'U r funny ', 'I m not your buddy, friend', 'What r u then', 'I r just a random guy with a beard']
28e0ddef-44a4-46c8-883d-4799ce8af6bd['Hey pal , just checking ', "I'm not your pal, buddy", 'U r funny ', 'I m not your buddy, friend', 'What r u then', 'I r just a random guy with a beard', 'Hello random guy with a beard ', "It's me, ur brother. You know, I have a beard, too"]
28e0ddef-44a4-46c8-883d-4799ce8af6bd['Hey pal , just checking ', "I'm not your pal, buddy", 'U r funny ', 'I m not your buddy, friend', 'What r u then', 'I r just a random guy with a beard', 'Hello random guy with a beard ', "It's me, ur brother. You know, I have a beard, too", 'Glad u noticed that ', 'Glad u noticed that']
28e0ddef-44a4-46c8-883d-4799ce8af6bd['Hey pal , just checking ', "I'm not your pal, buddy", 'U r funny ', 'I m not your buddy, friend', 'What r u then', 'I r just a random guy with a beard', 'Hello random guy with a beard ', "It's me, ur brother. You know, I have a beard, too", 'Glad u noticed that ', 'Glad u noticed that', 'Why r u repeating what I said ', 'Glad u noticed I noticed']
28e0ddef-44a4-46c8-883d-4799ce8af6bd['Hey pal , just checking ', "I'm not your pal, buddy", 'U r funny ', 'I m not your buddy, friend', 'What r u then', 'I r just a random guy with a beard', 'Hello random guy with a beard ', "It's me, ur brother. You know, I have a beard, too", 'Glad u noticed that ', 'Glad u noticed that', 'Why r u repeating what I said ', 'Glad u noticed I noticed', 'U r too much sometimes ', 'I noticed it']
28e0ddef-44a4-46c8-883d-4799ce8af6bd['Hey pal , just checking ', "I'm not your pal, buddy", 'U r funny ', 'I m not your buddy, friend', 'What r u then', 'I r just a random guy with a beard', 'Hello random guy with a beard ', "It's me, ur brother. You know, I have a beard, too", 'Glad u noticed that ', 'Glad u noticed that', 'Why r u repeating what I said ', 'Glad u noticed I noticed', 'U r too much sometimes ', 'I noticed it', 'Glad , bye now', 'Glad i can now stop']
1b821426-4cf7-474b-a3ae-eb72c4169967['Who do you want to win the Superbowl', 'I would love to see the Packers win. We need some revenge from the Packers.']
04658815-f087-4491-be5d-8dacc2a760ce['What do you think about war', 'You think that war is wrong?']
04658815-f087-4491-be5d-8dacc2a760ce['What do you think about war', 'You think that war is wrong?', 'No I feel sometimes is necessary ', "War is not for everybody. I think war is not for everybody either. We shouldn't have to"]
04658815-f087-4491-be5d-8dacc2a760ce['What do you think about war', 'You think that war is wrong?', 'No I feel sometimes is necessary ', "War is not for everybody. I think war is not for everybody either. We shouldn't have to", 'What do you think about Iran', "I don't think Iran is a threat."]
71a1fb9c-e7f8-4db6-9a2a-0933cb22eda8['hello', 'Hi :D']
b6c5aee6-8ab5-4118-9536-28ea0f48bc30['hello there', 'General Kenobi']
319c005e-5b9c-46fc-8baa-68612c707096['hello', 'Hey bud']
6f106bec-b531-483a-9094-371c691085bb['hello there', 'General Kenobi!']
6f106bec-b531-483a-9094-371c691085bb['hello there', 'General Kenobi!', 'hello', 'Hello there']
b052e6dc-f9ca-4e8b-8036-515799f93dfe['hello', "Hi! I'm so glad you're still here. You should come over for dinner and a movie"]
b052e6dc-f9ca-4e8b-8036-515799f93dfe['hello', "Hi! I'm so glad you're still here. You should come over for dinner and a movie", 'hello', 'Hey, can I come over for dinner and a movie as well, please?']
80183c2b-5f8a-4dfa-a7f3-c6a19e9b590b['hello there', "What's your in game name?"]
80183c2b-5f8a-4dfa-a7f3-c6a19e9b590b['hello there', "What's your in game name?", 'hello there', "Oh I'm sorry, my in game name is u IcyColdColdCold, I'm on"]
b66db307-f244-44f5-8426-fef0da5f737b['hello', 'Hey there!']
b66db307-f244-44f5-8426-fef0da5f737b['hello', 'Hey there!', 'hello', "Who's this?"]
44c70a57-7492-45e2-a8ba-113d748c98c9['hello there', 'General Kenobi!']
9cfc6a76-3a83-493a-b76a-ed209301969a['super bowl', 'Wrong : This answer has gone sour']
fe1d247e-0cde-4bf4-8ebb-ffdc37fb3ada['hello there', "I'm gonna go buy a car."]
fe1d247e-0cde-4bf4-8ebb-ffdc37fb3ada['hello there', "I'm gonna go buy a car.", 'hi', "I'm sorry, I don't have a car."]
fcacd0da-0ecb-4b54-9747-e72435285788['hello there', 'hello there']
fcacd0da-0ecb-4b54-9747-e72435285788['hello there', 'hello there', 'hi', 'You have a nice home.']
70f5c24f-309a-4c59-9f02-929c5ce733bf['hello there', 'General Kenobi!']
b455876b-004a-43ed-a7b8-3db50f805ab1['helo ther', 'Hey, I was just thinking that I was just thinking that I should be here.']
b455876b-004a-43ed-a7b8-3db50f805ab1['helo ther', 'Hey, I was just thinking that I was just thinking that I should be here.', 'hi', 'Hi. How are you?']
40751d66-a255-4ad9-bab2-65ea1b134b90['What you think about Iran', 'They have good oil but they are also a bit of a mess']
43e5f988-78fe-484e-9141-25a0c64d0d64['hello there', 'Hello there']
9fd3435f-2ce2-4d3b-b8ba-9aa5314e7712['hello there', 'General Kenobi!']
b0d6b7f3-910e-462b-9bf2-d7a398e60a95['hello there', 'General Kenobi']
b0d6b7f3-910e-462b-9bf2-d7a398e60a95['hello there', 'General Kenobi', 'you are a bold one', 'You are a jedi']
c5be0812-2191-485a-86cc-938c096467b6['hello there', 'I have been a redditor for 0 days!']
c38a660a-0bfd-4632-addb-b3249c540e31['hello there', 'Howdy, welcome']
ab1cdc48-39f8-4bf6-9d77-bbe5ef5a10b2['hello there', 'You are a good man, you.']
f9ec97f9-f0fe-4917-a96d-75e2f09d7687['hello there', 'General Kenobi you are a bold one']
db697100-758c-47d2-9e9f-4323284b4572['hello there', 'General Kenobi.']
3f0b7e95-7bf4-4050-9cb2-72ba40facbfb['hello there', 'General Kenobi!']
85610949-ec3f-4812-99d1-82b6b66daba1['hello there', 'General Kenobi']
7a05ec22-fbf9-4190-87e3-945d9c3d0aa8['hello there', 'General Kenobi']
78d3d354-50a7-4b09-b345-d4f4533ef176['hello', 'hello']
78d3d354-50a7-4b09-b345-d4f4533ef176['hello', 'hello', 'who do you want to win the super bowl?', 'i want broncos to win.']
78d3d354-50a7-4b09-b345-d4f4533ef176['hello', 'hello', 'who do you want to win the super bowl?', 'i want broncos to win.', "lol they aren't in it anymore", 'they will be in it next year...']
